{"numFailedTestSuites":2,"numFailedTests":11,"numPassedTestSuites":0,"numPassedTests":9,"numPendingTestSuites":0,"numPendingTests":0,"numRuntimeErrorTestSuites":0,"numTodoTests":0,"numTotalTestSuites":2,"numTotalTests":20,"openHandles":[],"snapshot":{"added":0,"didUpdate":false,"failure":false,"filesAdded":0,"filesRemoved":0,"filesRemovedList":[],"filesUnmatched":0,"filesUpdated":0,"matched":0,"total":0,"unchecked":0,"uncheckedKeysByFile":[],"unmatched":0,"updated":0},"startTime":1757595667451,"success":false,"testResults":[{"assertionResults":[{"ancestorTitles":["ContentDetectPage Component"],"duration":93,"failureDetails":[],"failureMessages":[],"fullName":"ContentDetectPage Component renders the component with initial state","invocations":1,"location":null,"numPassingAsserts":5,"retryReasons":[],"status":"passed","title":"renders the component with initial state"},{"ancestorTitles":["ContentDetectPage Component"],"duration":27,"failureDetails":[{"name":"TestingLibraryElementError"}],"failureMessages":["TestingLibraryElementError: Found multiple elements with the text: /characters/\n\nHere are the matching elements:\n\nIgnored nodes: comments, script, style\n\u001b[36m<span\u001b[39m\n  \u001b[33mclass\u001b[39m=\u001b[32m\"\"\u001b[39m\n  \u001b[33mid\u001b[39m=\u001b[32m\"char-count\"\u001b[39m\n\u001b[36m>\u001b[39m\n  \u001b[0m23\u001b[0m\n  \u001b[0m / \u001b[0m\n  \u001b[0m2 000\u001b[0m\n  \u001b[0m characters\u001b[0m\n\u001b[36m</span>\u001b[39m\n\nIgnored nodes: comments, script, style\n\u001b[36m<span\u001b[39m\n  \u001b[33mclass\u001b[39m=\u001b[32m\"min-chars \"\u001b[39m\n\u001b[36m>\u001b[39m\n  \u001b[0mMinimum \u001b[0m\n  \u001b[0m500\u001b[0m\n  \u001b[0m characters required for accurate analysis\u001b[0m\n\u001b[36m</span>\u001b[39m\n\n(If this is intentional, then use the `*AllBy*` variant of the query (like `queryAllByText`, `getAllByText`, or `findAllByText`)).\n\nIgnored nodes: comments, script, style\n\u001b[36m<body>\u001b[39m\n  \u001b[36m<div>\u001b[39m\n    \u001b[36m<section\u001b[39m\n      \u001b[33mclass\u001b[39m=\u001b[32m\"detector-section\"\u001b[39m\n      \u001b[33mdata-reveal\u001b[39m=\u001b[32m\"true\"\u001b[39m\n      \u001b[33mid\u001b[39m=\u001b[32m\"detector\"\u001b[39m\n    \u001b[36m>\u001b[39m\n      \u001b[36m<div\u001b[39m\n        \u001b[33mclass\u001b[39m=\u001b[32m\"container\"\u001b[39m\n      \u001b[36m>\u001b[39m\n        \u001b[36m<div\u001b[39m\n          \u001b[33mclass\u001b[39m=\u001b[32m\"section-header\"\u001b[39m\n        \u001b[36m>\u001b[39m\n          \u001b[36m<h2>\u001b[39m\n            \u001b[0mAI Content Detector\u001b[0m\n          \u001b[36m</h2>\u001b[39m\n          \u001b[36m<p>\u001b[39m\n            \u001b[0mPaste your text or upload a file to analyze content authenticity\u001b[0m\n          \u001b[36m</p>\u001b[39m\n        \u001b[36m</div>\u001b[39m\n        \u001b[36m<div\u001b[39m\n          \u001b[33mclass\u001b[39m=\u001b[32m\"detector-container\"\u001b[39m\n        \u001b[36m>\u001b[39m\n          \u001b[36m<div\u001b[39m\n            \u001b[33mclass\u001b[39m=\u001b[32m\"input-panel glass-card\"\u001b[39m\n          \u001b[36m>\u001b[39m\n            \u001b[36m<div\u001b[39m\n              \u001b[33mclass\u001b[39m=\u001b[32m\"input-tabs\"\u001b[39m\n            \u001b[36m>\u001b[39m\n              \u001b[36m<button\u001b[39m\n                \u001b[33mclass\u001b[39m=\u001b[32m\"tab-btn active\"\u001b[39m\n              \u001b[36m>\u001b[39m\n                \u001b[36m<i\u001b[39m\n                  \u001b[33maria-hidden\u001b[39m=\u001b[32m\"true\"\u001b[39m\n                  \u001b[33mclass\u001b[39m=\u001b[32m\"fa-solid fa-keyboard\"\u001b[39m\n                \u001b[36m/>\u001b[39m\n                \u001b[36m<span>\u001b[39m\n                  \u001b[0mText Input\u001b[0m\n                \u001b[36m</span>\u001b[39m\n              \u001b[36m</button>\u001b[39m\n              \u001b[36m<button\u001b[39m\n                \u001b[33mclass\u001b[39m=\u001b[32m\"tab-btn \"\u001b[39m\n              \u001b[36m>\u001b[39m\n                \u001b[36m<i\u001b[39m\n                  \u001b[33maria-hidden\u001b[39m=\u001b[32m\"true\"\u001b[39m\n                  \u001b[33mclass\u001b[39m=\u001b[32m\"fa-solid fa-upload\"\u001b[39m\n                \u001b[36m/>\u001b[39m\n                \u001b[36m<span>\u001b[39m\n                  \u001b[0mFile Upload\u001b[0m\n                \u001b[36m</span>\u001b[39m\n              \u001b[36m</button>\u001b[39m\n            \u001b[36m</div>\u001b[39m\n            \u001b[36m<div\u001b[39m\n              \u001b[33mclass\u001b[39m=\u001b[32m\"tab-content active\"\u001b[39m\n              \u001b[33mid\u001b[39m=\u001b[32m\"text-tab\"\u001b[39m\n            \u001b[36m>\u001b[39m\n              \u001b[36m<div\u001b[39m\n                \u001b[33mclass\u001b[39m=\u001b[32m\"text-input-container\"\u001b[39m\n              \u001b[36m>\u001b[39m\n                \u001b[36m<textarea\u001b[39m\n                  \u001b[33mclass\u001b[39m=\u001b[32m\"text-input\"\u001b[39m\n                  \u001b[33mid\u001b[39m=\u001b[32m\"content-input\"\u001b[39m\n                  \u001b[33mplaceholder\u001b[39m=\u001b[32m\"Paste or type your content here for AI detection analysis...\"\u001b[39m\n                  \u001b[33mrows\u001b[39m=\u001b[32m\"12\"\u001b[39m\n                \u001b[36m>\u001b[39m\n                  \u001b[0mSample text for testing\u001b[0m\n                \u001b[36m</textarea>\u001b[39m\n                \u001b[36m<button\u001b[39m\n                  \u001b[33maria-label\u001b[39m=\u001b[32m\"Clear text\"\u001b[39m\n                  \u001b[33mclass\u001b[39m=\u001b[32m\"clear-text-btn\"\u001b[39m\n                  \u001b[33mtitle\u001b[39m=\u001b[32m\"Clear text\"\u001b[39m\n                  \u001b[33mtype\u001b[39m=\u001b[32m\"button\"\u001b[39m\n                \u001b[36m>\u001b[39m\n                  \u001b[36m<i\u001b[39m\n                    \u001b[33maria-hidden\u001b[39m=\u001b[32m\"true\"\u001b[39m\n                    \u001b[33mclass\u001b[39m=\u001b[32m\"fa-solid fa-trash\"\u001b[39m\n                  \u001b[36m/>\u001b[39m\n                \u001b[36m</button>\u001b[39m\n              \u001b[36m</div>\u001b[39m\n              \u001b[36m<div\u001b[39m\n                \u001b[33mclass\u001b[39m=\u001b[32m\"input-info\"\u001b[39m\n              \u001b[36m>\u001b[39m\n                \u001b[36m<span\u001b[39m\n                  \u001b[33mclass\u001b[39m=\u001b[32m\"\"\u001b[39m\n                  \u001b[33mid\u001b[39m=\u001b[32m\"char-count\"\u001b[39m\n                \u001b[36m>\u001b[39m\n                  \u001b[0m23\u001b[0m\n                  \u001b[0m / \u001b[0m\n                  \u001b[0m2 000\u001b[0m\n                  \u001b[0m characters\u001b[0m\n                \u001b[36m</span>\u001b[39m\n                \u001b[36m<span\u001b[39m\n                  \u001b[33mclass\u001b[39m=\u001b[32m\"min-chars \"\u001b[39m\n                \u001b[36m>\u001b[39m\n                  \u001b[0mMinimum \u001b[0m\n                  \u001b[0m500\u001b[0m\n                  \u001b[0m characters required for accurate analysis\u001b[0m\n                \u001b[36m</span>\u001b[39m\n              \u001b[36m</div>\u001b[39m\n            \u001b[36m</div>\u001b[39m\n            \u001b[36m<div\u001b[39m\n              \u001b[33mclass\u001b[39m=\u001b[32m\"tab-content \"\u001b[39m\n              \u001b[33mid\u001b[39m=\u001b[32m\"file-tab\"\u001b[39m\n            \u001b[36m>\u001b[39m\n              \u001b[36m<div\u001b[39m\n                \u001b[33mclass\u001b[39m=\u001b[32m\"upload-area \"\u001b[39m\n              \u001b[36m>\u001b[39m\n                \u001b[36m<div\u001b[39m\n                  \u001b[33maria-hidden\u001b[39m=\u001b[32m\"true\"\u001b[39m\n                  \u001b[33mclass\u001b[39m=\u001b[32m\"upload-icon\"\u001b[39m\n                \u001b[36m>\u001b[39m\n                  \u001b[36m<i\u001b[39m\n                    \u001b[33mclass\u001b[39m=\u001b[32m\"fa-solid fa-cloud-arrow-up\"\u001b[39m\n                  \u001b[36m/>\u001b[39m\n                \u001b[36m</div>\u001b[39m\n                \u001b[36m<h3>\u001b[39m\n                  \u001b[0mDrop your file here\u001b[0m\n                \u001b[36m</h3>\u001b[39m\n                \u001b[36m<p>\u001b[39m\n                  \u001b[0mor \u001b[0m\n                  \u001b[36m<span\u001b[39m\n                    \u001b[33mclass\u001b[39m=\u001b[32m\"upload-link\"\u001b[39m\n                  \u001b[36m>\u001b[39m\n                    \u001b[0mbrowse files\u001b[0m\n                  \u001b[36m</span>\u001b[39m\n                \u001b[36m</p>\u001b[39m\n                \u001b[36m<input\u001b[39m\n                  \u001b[33maccept\u001b[39m=\u001b[32m\".txt,.docx,.pdf\"\u001b[39m\n                  \u001b[33mhidden\u001b[39m=\u001b[32m\"\"\u001b[39m\n                  \u001b[33mid\u001b[39m=\u001b[32m\"file-input\"\u001b[39m\n                  \u001b[33mtype\u001b[39m=\u001b[32m\"file\"\u001b[39m\n                \u001b[36m/>\u001b[39m\n                \u001b[36m<div\u001b[39m\n                  \u001b[33mclass\u001b[39m=\u001b[32m\"supported-formats\"\u001b[39m\n                \u001b[36m>\u001b[39m\n                  \u001b[0mSupported: TXT, DOCX, PDF (max 10MB)\u001b[0m\n                \u001b[36m</div>\u001b[39m\n              \u001b[36m</div>\u001b[39m\n            \u001b[36m</div>\u001b[39m\n            \u001b[36m<button\u001b[39m\n              \u001b[33mclass\u001b[39m=\u001b[32m\"btn btn-primary analyze-btn\"\u001b[39m\n              \u001b[33mdisabled\u001b[39m=\u001b[32m\"\"\u001b[39m\n            \u001b[36m>\u001b[39m\n              \u001b[36m<img\u001b[39m\n                \u001b[33malt\u001b[39m=\u001b[32m\"detect\"\u001b[39m\n                \u001b[33mheight\u001b[39m=\u001b[32m\"20\"\u001b[39m\n                \u001b[33msrc\u001b[39m=\u001b[32m\"detect-icon.svg\"\u001b[39m\n              \u001b[36m/>\u001b[39m\n              \u001b[36m<span>\u001b[39m\n                \u001b[0mAnalyze\u001b[0m\n              \u001b[36m</span>\u001b[39m\n            \u001b[36m</button>\u001b[39m\n          \u001b[36m</div>\u001b[39m\n          \u001b[36m<div\u001b[39m\n            \u001b[33mclass\u001b[39m=\u001b[32m\"results-panel glass-card\"\u001b[39m\n            \u001b[33mid\u001b[39m=\u001b[32m\"results-panel\"\u001b[39m\n          \u001b[36m>\u001b[39m\n            \u001b[36m<div\u001b[39m\n              \u001b[33mclass\u001b[39m=\u001b[32m\"results-empty\"\u001b[39m\n            \u001b[36m>\u001b[39m\n              \u001b[36m<div>\u001b[39m\n                \u001b[36m<i\u001b[39m\n                  \u001b[33maria-hidden\u001b[39m=\u001b[32m\"true\"\u001b[39m\n                  \u001b[33mclass\u001b[39m=\u001b[32m\"fa-solid fa-chart-line\"\u001b[39m\n                  \u001b[33mstyle\u001b[39m=\u001b[32m\"font-size: 28px;\"\u001b[39m\n                \u001b[36m/>\u001b[39m\n                \u001b[36m<div\u001b[39m\n                  \u001b[33mclass\u001b[39m=\u001b[32m\"hint\"\u001b[39m\n                \u001b[36m>\u001b[39m\n                  \u001b[0mResults will appear here after you analyze.\u001b[0m\n                \u001b[36m</div>\u001b[39m\n              \u001b[36m</div>\u001b[39m\n            \u001b[36m</div>\u001b[39m\n          \u001b[36m</div>\u001b[39m\n        \u001b[36m</div>\u001b[39m\n      \u001b[36m</div>\u001b[39m\n    \u001b[36m</section>\u001b[39m\n  \u001b[36m</div>\u001b[39m\n\u001b[36m</body>\u001b[39m\n    at Object.getElementError (C:\\Users\\USER\\Downloads\\Computer Science\\CSC3003S 2025\\Capstone 2025\\project\\AI-CONTENT-DETECTOR\\frontend\\node_modules\\@testing-library\\dom\\dist\\config.js:37:19)\n    at getElementError (C:\\Users\\USER\\Downloads\\Computer Science\\CSC3003S 2025\\Capstone 2025\\project\\AI-CONTENT-DETECTOR\\frontend\\node_modules\\@testing-library\\dom\\dist\\query-helpers.js:20:35)\n    at getMultipleElementsFoundError (C:\\Users\\USER\\Downloads\\Computer Science\\CSC3003S 2025\\Capstone 2025\\project\\AI-CONTENT-DETECTOR\\frontend\\node_modules\\@testing-library\\dom\\dist\\query-helpers.js:23:10)\n    at C:\\Users\\USER\\Downloads\\Computer Science\\CSC3003S 2025\\Capstone 2025\\project\\AI-CONTENT-DETECTOR\\frontend\\node_modules\\@testing-library\\dom\\dist\\query-helpers.js:55:13\n    at C:\\Users\\USER\\Downloads\\Computer Science\\CSC3003S 2025\\Capstone 2025\\project\\AI-CONTENT-DETECTOR\\frontend\\node_modules\\@testing-library\\dom\\dist\\query-helpers.js:95:19\n    at Object.getByText (C:\\Users\\USER\\Downloads\\Computer Science\\CSC3003S 2025\\Capstone 2025\\project\\AI-CONTENT-DETECTOR\\frontend\\tests\\pages\\contentDetectPage.test.jsx:108:19)\n    at Promise.then.completed (C:\\Users\\USER\\Downloads\\Computer Science\\CSC3003S 2025\\Capstone 2025\\project\\AI-CONTENT-DETECTOR\\frontend\\node_modules\\jest-circus\\build\\utils.js:298:28)\n    at new Promise (<anonymous>)\n    at callAsyncCircusFn (C:\\Users\\USER\\Downloads\\Computer Science\\CSC3003S 2025\\Capstone 2025\\project\\AI-CONTENT-DETECTOR\\frontend\\node_modules\\jest-circus\\build\\utils.js:231:10)\n    at _callCircusTest (C:\\Users\\USER\\Downloads\\Computer Science\\CSC3003S 2025\\Capstone 2025\\project\\AI-CONTENT-DETECTOR\\frontend\\node_modules\\jest-circus\\build\\run.js:316:40)\n    at processTicksAndRejections (node:internal/process/task_queues:105:5)\n    at _runTest (C:\\Users\\USER\\Downloads\\Computer Science\\CSC3003S 2025\\Capstone 2025\\project\\AI-CONTENT-DETECTOR\\frontend\\node_modules\\jest-circus\\build\\run.js:252:3)\n    at _runTestsForDescribeBlock (C:\\Users\\USER\\Downloads\\Computer Science\\CSC3003S 2025\\Capstone 2025\\project\\AI-CONTENT-DETECTOR\\frontend\\node_modules\\jest-circus\\build\\run.js:126:9)\n    at _runTestsForDescribeBlock (C:\\Users\\USER\\Downloads\\Computer Science\\CSC3003S 2025\\Capstone 2025\\project\\AI-CONTENT-DETECTOR\\frontend\\node_modules\\jest-circus\\build\\run.js:121:9)\n    at run (C:\\Users\\USER\\Downloads\\Computer Science\\CSC3003S 2025\\Capstone 2025\\project\\AI-CONTENT-DETECTOR\\frontend\\node_modules\\jest-circus\\build\\run.js:71:3)\n    at runAndTransformResultsToJestFormat (C:\\Users\\USER\\Downloads\\Computer Science\\CSC3003S 2025\\Capstone 2025\\project\\AI-CONTENT-DETECTOR\\frontend\\node_modules\\jest-circus\\build\\legacy-code-todo-rewrite\\jestAdapterInit.js:122:21)\n    at jestAdapter (C:\\Users\\USER\\Downloads\\Computer Science\\CSC3003S 2025\\Capstone 2025\\project\\AI-CONTENT-DETECTOR\\frontend\\node_modules\\jest-circus\\build\\legacy-code-todo-rewrite\\jestAdapter.js:79:19)\n    at runTestInternal (C:\\Users\\USER\\Downloads\\Computer Science\\CSC3003S 2025\\Capstone 2025\\project\\AI-CONTENT-DETECTOR\\frontend\\node_modules\\jest-runner\\build\\runTest.js:367:16)\n    at runTest (C:\\Users\\USER\\Downloads\\Computer Science\\CSC3003S 2025\\Capstone 2025\\project\\AI-CONTENT-DETECTOR\\frontend\\node_modules\\jest-runner\\build\\runTest.js:444:34)\n    at Object.worker (C:\\Users\\USER\\Downloads\\Computer Science\\CSC3003S 2025\\Capstone 2025\\project\\AI-CONTENT-DETECTOR\\frontend\\node_modules\\jest-runner\\build\\testWorker.js:106:12)"],"fullName":"ContentDetectPage Component handles text input and character count","invocations":1,"location":null,"numPassingAsserts":0,"retryReasons":[],"status":"failed","title":"handles text input and character count"},{"ancestorTitles":["ContentDetectPage Component"],"duration":13,"failureDetails":[],"failureMessages":[],"fullName":"ContentDetectPage Component disables analyze button when text is too short","invocations":1,"location":null,"numPassingAsserts":2,"retryReasons":[],"status":"passed","title":"disables analyze button when text is too short"},{"ancestorTitles":["ContentDetectPage Component"],"duration":14,"failureDetails":[],"failureMessages":[],"fullName":"ContentDetectPage Component enables analyze button when text meets minimum length","invocations":1,"location":null,"numPassingAsserts":1,"retryReasons":[],"status":"passed","title":"enables analyze button when text meets minimum length"},{"ancestorTitles":["ContentDetectPage Component"],"duration":1041,"failureDetails":[{"name":"TestingLibraryElementError"}],"failureMessages":["Error: Found multiple elements with the text: 75%\n\nHere are the matching elements:\n\nIgnored nodes: comments, script, style\n\u001b[36m<div\u001b[39m\n  \u001b[33mclass\u001b[39m=\u001b[32m\"score-value\"\u001b[39m\n  \u001b[33mid\u001b[39m=\u001b[32m\"score-value\"\u001b[39m\n\u001b[36m>\u001b[39m\n  \u001b[0m75\u001b[0m\n  \u001b[0m%\u001b[0m\n\u001b[36m</div>\u001b[39m\n\nIgnored nodes: comments, script, style\n\u001b[36m<span\u001b[39m\n  \u001b[33mclass\u001b[39m=\u001b[32m\"metric-value\"\u001b[39m\n\u001b[36m>\u001b[39m\n  \u001b[0m75\u001b[0m\n  \u001b[0m%\u001b[0m\n\u001b[36m</span>\u001b[39m\n\n(If this is intentional, then use the `*AllBy*` variant of the query (like `queryAllByText`, `getAllByText`, or `findAllByText`)).\n\nIgnored nodes: comments, script, style\n\u001b[36m<body>\u001b[39m\n  \u001b[36m<div>\u001b[39m\n    \u001b[36m<section\u001b[39m\n      \u001b[33mclass\u001b[39m=\u001b[32m\"detector-section\"\u001b[39m\n      \u001b[33mdata-reveal\u001b[39m=\u001b[32m\"true\"\u001b[39m\n      \u001b[33mid\u001b[39m=\u001b[32m\"detector\"\u001b[39m\n    \u001b[36m>\u001b[39m\n      \u001b[36m<div\u001b[39m\n        \u001b[33mclass\u001b[39m=\u001b[32m\"container\"\u001b[39m\n      \u001b[36m>\u001b[39m\n        \u001b[36m<div\u001b[39m\n          \u001b[33mclass\u001b[39m=\u001b[32m\"section-header\"\u001b[39m\n        \u001b[36m>\u001b[39m\n          \u001b[36m<h2>\u001b[39m\n            \u001b[0mAI Content Detector\u001b[0m\n          \u001b[36m</h2>\u001b[39m\n          \u001b[36m<p>\u001b[39m\n            \u001b[0mPaste your text or upload a file to analyze content authenticity\u001b[0m\n          \u001b[36m</p>\u001b[39m\n        \u001b[36m</div>\u001b[39m\n        \u001b[36m<div\u001b[39m\n          \u001b[33mclass\u001b[39m=\u001b[32m\"detector-container\"\u001b[39m\n        \u001b[36m>\u001b[39m\n          \u001b[36m<div\u001b[39m\n            \u001b[33mclass\u001b[39m=\u001b[32m\"input-panel glass-card\"\u001b[39m\n          \u001b[36m>\u001b[39m\n            \u001b[36m<div\u001b[39m\n              \u001b[33mclass\u001b[39m=\u001b[32m\"input-tabs\"\u001b[39m\n            \u001b[36m>\u001b[39m\n              \u001b[36m<button\u001b[39m\n                \u001b[33mclass\u001b[39m=\u001b[32m\"tab-btn active\"\u001b[39m\n              \u001b[36m>\u001b[39m\n                \u001b[36m<i\u001b[39m\n                  \u001b[33maria-hidden\u001b[39m=\u001b[32m\"true\"\u001b[39m\n                  \u001b[33mclass\u001b[39m=\u001b[32m\"fa-solid fa-keyboard\"\u001b[39m\n                \u001b[36m/>\u001b[39m\n                \u001b[36m<span>\u001b[39m\n                  \u001b[0mText Input\u001b[0m\n                \u001b[36m</span>\u001b[39m\n              \u001b[36m</button>\u001b[39m\n              \u001b[36m<button\u001b[39m\n                \u001b[33mclass\u001b[39m=\u001b[32m\"tab-btn \"\u001b[39m\n              \u001b[36m>\u001b[39m\n                \u001b[36m<i\u001b[39m\n                  \u001b[33maria-hidden\u001b[39m=\u001b[32m\"true\"\u001b[39m\n                  \u001b[33mclass\u001b[39m=\u001b[32m\"fa-solid fa-upload\"\u001b[39m\n                \u001b[36m/>\u001b[39m\n                \u001b[36m<span>\u001b[39m\n                  \u001b[0mFile Upload\u001b[0m\n                \u001b[36m</span>\u001b[39m\n              \u001b[36m</button>\u001b[39m\n            \u001b[36m</div>\u001b[39m\n            \u001b[36m<div\u001b[39m\n              \u001b[33mclass\u001b[39m=\u001b[32m\"tab-content active\"\u001b[39m\n              \u001b[33mid\u001b[39m=\u001b[32m\"text-tab\"\u001b[39m\n            \u001b[36m>\u001b[39m\n              \u001b[36m<div\u001b[39m\n                \u001b[33mclass\u001b[39m=\u001b[32m\"text-input-container\"\u001b[39m\n              \u001b[36m>\u001b[39m\n                \u001b[36m<textarea\u001b[39m\n                  \u001b[33mclass\u001b[39m=\u001b[32m\"text-input\"\u001b[39m\n                  \u001b[33mid\u001b[39m=\u001b[32m\"content-input\"\u001b[39m\n                  \u001b[33mplaceholder\u001b[39m=\u001b[32m\"Paste or type your content here for AI detection analysis...\"\u001b[39m\n                  \u001b[33mrows\u001b[39m=\u001b[32m\"12\"\u001b[39m\n                \u001b[36m>\u001b[39m\n                  \u001b[0mAAAAAAAAAAAAAAAAAAAAAAAAAAAAAAAAAAAAAAAAAAAAAAAAAAAAAAAAAAAAAAAAAAAAAAAAAAAAAAAAAAAAAAAAAAAAAAAAAAAAAAAAAAAAAAAAAAAAAAAAAAAAAAAAAAAAAAAAAAAAAAAAAAAAAAAAAAAAAAAAAAAAAAAAAAAAAAAAAAAAAAAAAAAAAAAAAAAAAAAAAAAAAAAAAAAAAAAAAAAAAAAAAAAAAAAAAAAAAAAAAAAAAAAAAAAAAAAAAAAAAAAAAAAAAAAAAAAAAAAAAAAAAAAAAAAAAAAAAAAAAAAAAAAAAAAAAAAAAAAAAAAAAAAAAAAAAAAAAAAAAAAAAAAAAAAAAAAAAAAAAAAAAAAAAAAAAAAAAAAAAAAAAAAAAAAAAAAAAAAAAAAAAAAAAAAAAAAAAAAAAAAAAAAAAAAAAAAAAAAAAAAAAAAAAAAAAAAAAAAAAAAAAAAAAAAAAAAAAAAAAAAAAAAAAAAAAAAAAAAA\u001b[0m\n                \u001b[36m</textarea>\u001b[39m\n                \u001b[36m<button\u001b[39m\n                  \u001b[33maria-label\u001b[39m=\u001b[32m\"Clear text\"\u001b[39m\n                  \u001b[33mclass\u001b[39m=\u001b[32m\"clear-text-btn\"\u001b[39m\n                  \u001b[33mtitle\u001b[39m=\u001b[32m\"Clear text\"\u001b[39m\n                  \u001b[33mtype\u001b[39m=\u001b[32m\"button\"\u001b[39m\n                \u001b[36m>\u001b[39m\n                  \u001b[36m<i\u001b[39m\n                    \u001b[33maria-hidden\u001b[39m=\u001b[32m\"true\"\u001b[39m\n                    \u001b[33mclass\u001b[39m=\u001b[32m\"fa-solid fa-trash\"\u001b[39m\n                  \u001b[36m/>\u001b[39m\n                \u001b[36m</button>\u001b[39m\n              \u001b[36m</div>\u001b[39m\n              \u001b[36m<div\u001b[39m\n                \u001b[33mclass\u001b[39m=\u001b[32m\"input-info\"\u001b[39m\n              \u001b[36m>\u001b[39m\n                \u001b[36m<span\u001b[39m\n                  \u001b[33mclass\u001b[39m=\u001b[32m\"char-ok\"\u001b[39m\n                  \u001b[33mid\u001b[39m=\u001b[32m\"char-count\"\u001b[39m\n                \u001b[36m>\u001b[39m\n                  \u001b[0m500\u001b[0m\n                  \u001b[0m / \u001b[0m\n                  \u001b[0m2 000\u001b[0m\n                  \u001b[0m characters\u001b[0m\n                \u001b[36m</span>\u001b[39m\n                \u001b[36m<span\u001b[39m\n                  \u001b[33mclass\u001b[39m=\u001b[32m\"min-chars ok\"\u001b[39m\n                \u001b[36m>\u001b[39m\n                  \u001b[0mMinimum \u001b[0m\n                  \u001b[0m500\u001b[0m\n                  \u001b[0m characters required for accurate analysis\u001b[0m\n                \u001b[36m</span>\u001b[39m\n              \u001b[36m</div>\u001b[39m\n            \u001b[36m</div>\u001b[39m\n            \u001b[36m<div\u001b[39m\n              \u001b[33mclass\u001b[39m=\u001b[32m\"tab-content \"\u001b[39m\n              \u001b[33mid\u001b[39m=\u001b[32m\"file-tab\"\u001b[39m\n            \u001b[36m>\u001b[39m\n              \u001b[36m<div\u001b[39m\n                \u001b[33mclass\u001b[39m=\u001b[32m\"upload-area \"\u001b[39m\n              \u001b[36m>\u001b[39m\n                \u001b[36m<div\u001b[39m\n                  \u001b[33maria-hidden\u001b[39m=\u001b[32m\"true\"\u001b[39m\n                  \u001b[33mclass\u001b[39m=\u001b[32m\"upload-icon\"\u001b[39m\n                \u001b[36m>\u001b[39m\n                  \u001b[36m<i\u001b[39m\n                    \u001b[33mclass\u001b[39m=\u001b[32m\"fa-solid fa-cloud-arrow-up\"\u001b[39m\n                  \u001b[36m/>\u001b[39m\n                \u001b[36m</div>\u001b[39m\n                \u001b[36m<h3>\u001b[39m\n                  \u001b[0mDrop your file here\u001b[0m\n                \u001b[36m</h3>\u001b[39m\n                \u001b[36m<p>\u001b[39m\n                  \u001b[0mor \u001b[0m\n                  \u001b[36m<span\u001b[39m\n                    \u001b[33mclass\u001b[39m=\u001b[32m\"upload-link\"\u001b[39m\n                  \u001b[36m>\u001b[39m\n                    \u001b[0mbrowse files\u001b[0m\n                  \u001b[36m</span>\u001b[39m\n                \u001b[36m</p>\u001b[39m\n                \u001b[36m<input\u001b[39m\n                  \u001b[33maccept\u001b[39m=\u001b[32m\".txt,.docx,.pdf\"\u001b[39m\n                  \u001b[33mhidden\u001b[39m=\u001b[32m\"\"\u001b[39m\n                  \u001b[33mid\u001b[39m=\u001b[32m\"file-input\"\u001b[39m\n                  \u001b[33mtype\u001b[39m=\u001b[32m\"file\"\u001b[39m\n                \u001b[36m/>\u001b[39m\n                \u001b[36m<div\u001b[39m\n                  \u001b[33mclass\u001b[39m=\u001b[32m\"supported-formats\"\u001b[39m\n                \u001b[36m>\u001b[39m\n                  \u001b[0mSupported: TXT, DOCX, PDF (max 10MB)\u001b[0m\n                \u001b[36m</div>\u001b[39m\n              \u001b[36m</div>\u001b[39m\n            \u001b[36m</div>\u001b[39m\n            \u001b[36m<button\u001b[39m\n              \u001b[33mclass\u001b[39m=\u001b[32m\"btn btn-primary analyze-btn\"\u001b[39m\n            \u001b[36m>\u001b[39m\n              \u001b[36m<img\u001b[39m\n                \u001b[33malt\u001b[39m=\u001b[32m\"detect\"\u001b[39m\n                \u001b[33mheight\u001b[39m=\u001b[32m\"20\"\u001b[39m\n                \u001b[33msrc\u001b[39m=\u001b[32m\"detect-icon.svg\"\u001b[39m\n              \u001b[36m/>\u001b[39m\n              \u001b[36m<span>\u001b[39m\n                \u001b[0mAnalyze\u001b[0m\n              \u001b[36m</span>\u001b[39m\n            \u001b[36m</button>\u001b[39m\n            \u001b[36m<div\u001b[39m\n              \u001b[33maria-live\u001b[39m=\u001b[32m\"polite\"\u001b[39m\n              \u001b[33mclass\u001b[39m=\u001b[32m\"limit-info\"\u001b[39m\n              \u001b[33mrole\u001b[39m=\u001b[32m\"status\"\u001b[39m\n            \u001b[36m>\u001b[39m\n              \u001b[0m99/100 daily submissions remaining.\u001b[0m\n            \u001b[36m</div>\u001b[39m\n          \u001b[36m</div>\u001b[39m\n          \u001b[36m<div\u001b[39m\n            \u001b[33mclass\u001b[39m=\u001b[32m\"results-panel glass-card\"\u001b[39m\n            \u001b[33mid\u001b[39m=\u001b[32m\"results-panel\"\u001b[39m\n          \u001b[36m>\u001b[39m\n            \u001b[36m<div\u001b[39m\n              \u001b[33mclass\u001b[39m=\u001b[32m\"results-header\"\u001b[39m\n            \u001b[36m>\u001b[39m\n              \u001b[36m<h3>\u001b[39m\n                \u001b[0mDetection Results\u001b[0m\n              \u001b[36m</h3>\u001b[39m\n              \u001b[36m<div\u001b[39m\n                \u001b[33mclass\u001b[39m=\u001b[32m\"analysis-time\"\u001b[39m\n              \u001b[36m>\u001b[39m\n                \u001b[0mAnalyzed in \u001b[0m\n                \u001b[36m<span\u001b[39m\n                  \u001b[33mid\u001b[39m=\u001b[32m\"analysis-time\"\u001b[39m\n                \u001b[36m>\u001b[39m\n                  \u001b[0m0.0s\u001b[0m\n                \u001b[36m</span>\u001b[39m\n              \u001b[36m</div>\u001b[39m\n            \u001b[36m</div>\u001b[39m\n            \u001b[36m<div\u001b[39m\n              \u001b[33mclass\u001b[39m=\u001b[32m\"confidence-score\"\u001b[39m\n            \u001b[36m>\u001b[39m\n              \u001b[36m<div\u001b[39m\n                \u001b[33mclass\u001b[39m=\u001b[32m\"score-circle\"\u001b[39m\n                \u001b[33mstyle\u001b[39m=\u001b[32m\"--p: 75%;\"\u001b[39m\n              \u001b[36m>\u001b[39m\n                \u001b[36m<div\u001b[39m\n                  \u001b[33mclass\u001b[39m=\u001b[32m\"score-value\"\u001b[39m\n                  \u001b[33mid\u001b[39m=\u001b[32m\"score-value\"\u001b[39m\n                \u001b[36m>\u001b[39m\n                  \u001b[0m75\u001b[0m\n                  \u001b[0m%\u001b[0m\n                \u001b[36m</div>\u001b[39m\n                \u001b[36m<div\u001b[39m\n                  \u001b[33mclass\u001b[39m=\u001b[32m\"score-label\"\u001b[39m\n                \u001b[36m>\u001b[39m\n                  \u001b[0mAI content detected\u001b[0m\n                \u001b[36m</div>\u001b[39m\n              \u001b[36m</div>\u001b[39m\n              \u001b[36m<div\u001b[39m\n                \u001b[33mclass\u001b[39m=\u001b[32m\"score-interpretation\"\u001b[39m\n                \u001b[33mid\u001b[39m=\u001b[32m\"score-interpretation\"\u001b[39m\n              \u001b[36m>\u001b[39m\n                \u001b[36m<div\u001b[39m\n                  \u001b[33mclass\u001b[39m=\u001b[32m\"interpretation-text\"\u001b[39m\n                \u001b[36m>\u001b[39m\n                  \u001b[0mLikely AI‑generated\u001b[0m\n                \u001b[36m</div>\u001b[39m\n                \u001b[36m<div\u001b[39m\n                  \u001b[33mclass\u001b[39m=\u001b[32m\"interpretation-desc\"\u001b[39m\n                \u001b[36m>\u001b[39m\n                  \u001b[0mPreview estimate based on AI patterns\u001b[0m\n                \u001b[36m</div>\u001b[39m\n              \u001b[36m</div>\u001b[39m\n            \u001b[36m</div>\u001b[39m\n            \u001b[36m<div\u001b[39m\n              \u001b[33mclass\u001b[39m=\u001b[32m\"detailed-analysis\"\u001b[39m\n            \u001b[36m>\u001b[39m\n              \u001b[36m<h4>\u001b[39m\n                \u001b[0mDetailed Analysis\u001b[0m\n              \u001b[36m</h4>\u001b[39m\n              \u001b[36m<div\u001b[39m\n                \u001b[33mclass\u001b[39m=\u001b[32m\"analysis-metrics\"\u001b[39m\n              \u001b[36m>\u001b[39m\n                \u001b[36m<div\u001b[39m\n                  \u001b[33mclass\u001b[39m=\u001b[32m\"metric\"\u001b[39m\n                \u001b[36m>\u001b[39m\n                  \u001b[36m<span\u001b[39m\n                    \u001b[33mclass\u001b[39m=\u001b[32m\"metric-label\"\u001b[39m\n                  \u001b[36m>\u001b[39m\n                    \u001b[0mSentence Structure\u001b[0m\n                  \u001b[36m</span>\u001b[39m\n                  \u001b[36m<div\u001b[39m\n                    \u001b[33mclass\u001b[39m=\u001b[32m\"metric-bar\"\u001b[39m\n                  \u001b[36m>\u001b[39m\n                    \u001b[36m<div\u001b[39m\n                      \u001b[33mclass\u001b[39m=\u001b[32m\"metric-fill\"\u001b[39m\n                      \u001b[33mstyle\u001b[39m=\u001b[32m\"width: 80%;\"\u001b[39m\n                    \u001b[36m/>\u001b[39m\n                  \u001b[36m</div>\u001b[39m\n                  \u001b[36m<span\u001b[39m\n                    \u001b[33mclass\u001b[39m=\u001b[32m\"metric-value\"\u001b[39m\n                  \u001b[36m>\u001b[39m\n                    \u001b[0m80\u001b[0m\n                    \u001b[0m%\u001b[0m\n                  \u001b[36m</span>\u001b[39m\n                \u001b[36m</div>\u001b[39m\n                \u001b[36m<div\u001b[39m\n                  \u001b[33mclass\u001b[39m=\u001b[32m\"metric\"\u001b[39m\n                \u001b[36m>\u001b[39m\n                  \u001b[36m<span\u001b[39m\n                    \u001b[33mclass\u001b[39m=\u001b[32m\"metric-label\"\u001b[39m\n                  \u001b[36m>\u001b[39m\n                    \u001b[0mVocabulary Patterns\u001b[0m\n                  \u001b[36m</span>\u001b[39m\n                  \u001b[36m<div\u001b[39m\n                    \u001b[33mclass\u001b[39m=\u001b[32m\"metric-bar\"\u001b[39m\n                  \u001b[36m>\u001b[39m\n                    \u001b[36m<div\u001b[39m\n                      \u001b[33mclass\u001b[39m=\u001b[32m\"metric-fill\"\u001b[39m\n                      \u001b[33mstyle\u001b[39m=\u001b[32m\"width: 70%;\"\u001b[39m\n                    \u001b[36m/>\u001b[39m\n                  \u001b[36m</div>\u001b[39m\n                  \u001b[36m<span\u001b[39m\n                    \u001b[33mclass\u001b[39m=\u001b[32m\"metric-value\"\u001b[39m\n                  \u001b[36m>\u001b[39m\n                    \u001b[0m70\u001b[0m\n                    \u001b[0m%\u001b[0m\n                  \u001b[36m</span>\u001b[39m\n                \u001b[36m</div>\u001b[39m\n                \u001b[36m<div\u001b[39m\n                  \u001b[33mclass\u001b[39m=\u001b[32m\"metric\"\u001b[39m\n                \u001b[36m>\u001b[39m\n                  \u001b[36m<span\u001b[39m\n                    \u001b[33mclass\u001b[39m=\u001b[32m\"metric-label\"\u001b[39m\n                  \u001b[36m>\u001b[39m\n                    \u001b[0mWriting Style\u001b[0m\n                  \u001b[36m</span>\u001b[39m\n                  \u001b[36m<div\u001b[39m\n                    \u001b[33mclass\u001b[39m=\u001b[32m\"metric-bar\"\u001b[39m\n                  \u001b[36m>\u001b[39m\n                    \u001b[36m<div\u001b[39m\n                      \u001b[33mclass\u001b[39m=\u001b[32m\"metric-fill\"\u001b[39m\n                      \u001b[33mstyle\u001b[39m=\u001b[32m\"width: 75%;\"\u001b[39m\n                    \u001b[36m/>\u001b[39m\n                  \u001b[36m</div>\u001b[39m\n                  \u001b[36m<span\u001b[39m\n                    \u001b[33mclass\u001b[39m=\u001b[32m\"metric-value\"\u001b[39m\n                  \u001b[36m>\u001b[39m\n                    \u001b[0m75\u001b[0m\n                    \u001b[0m%\u001b[0m\n                  \u001b[36m</span>\u001b[39m\n                \u001b[36m</div>\u001b[39m\n              \u001b[36m</div>\u001b[39m\n            \u001b[36m</div>\u001b[39m\n            \u001b[36m<div\u001b[39m\n              \u001b[33mclass\u001b[39m=\u001b[32m\"content-highlights\"\u001b[39m\n              \u001b[33mid\u001b[39m=\u001b[32m\"content-highlights\"\u001b[39m\n            \u001b[36m>\u001b[39m\n              \u001b[36m<h4>\u001b[39m\n                \u001b[0mFlagged Sections\u001b[0m\n              \u001b[36m</h4>\u001b[39m\n              \u001b[36m<div\u001b[39m\n                \u001b[33mclass\u001b[39m=\u001b[32m\"highlighted-content\"\u001b[39m\n              \u001b[36m>\u001b[39m\n                \u001b[36m<p>\u001b[39m\n                  \u001b[0mFlagged content will appear here when the backend is implemented.\u001b[0m\n                \u001b[36m</p>\u001b[39m\n              \u001b[36m</div>\u001b[39m\n            \u001b[36m</div>\u001b[39m\n            \u001b[36m<div\u001b[39m\n              \u001b[33mclass\u001b[39m=\u001b[32m\"results-actions\"\u001b[39m\n            \u001b[36m>\u001b[39m\n              \u001b[36m<button\u001b[39m\n                \u001b[33mclass\u001b[39m=\u001b[32m\"btn btn-ghost\"\u001b[39m\n              \u001b[36m>\u001b[39m\n                \u001b[36m<i\u001b[39m\n                  \u001b[33maria-hidden\u001b[39m=\u001b[32m\"true\"\u001b[39m\n                  \u001b[33mclass\u001b[39m=\u001b[32m\"fa-solid fa-download\"\u001b[39m\n                \u001b[36m/>\u001b[39m\n                \u001b[36m<span>\u001b[39m\n                  \u001b[0mExport Report\u001b[0m\n                \u001b[36m</span>\u001b[39m\n              \u001b[36m</button>\u001b[39m\n              \u001b[36m<button\u001b[39m\n                \u001b[33mclass\u001b[39m=\u001b[32m\"btn btn-ghost\"\u001b[39m\n              \u001b[36m>\u001b[39m\n                \u001b[36m<i\u001b[39m\n                  \u001b[33maria-hidden\u001b[39m=\u001b[32m\"true\"\u001b[39m\n                  \u001b[33mclass\u001b[39m=\u001b[32m\"fa-solid fa-comment-dots\"\u001b[39m\n                \u001b[36m/>\u001b[39m\n                \u001b[36m<span>\u001b[39m\n                  \u001b[0mProvide Feedback\u001b[0m\n                \u001b[36m</span>\u001b[39m\n              \u001b[36m</button>\u001b[39m\n            \u001b[36m</div>\u001b[39m\n          \u001b[36m</div>\u001b[39m\n        \u001b[36m</div>\u001b[39m\n      \u001b[36m</div>\u001b[39m\n    \u001b[36m</section>\u001b[39m\n  \u001b[36m</div>\u001b[39m\n\u001b[36m</body>\u001b[39m\n    at waitForWrapper (C:\\Users\\USER\\Downloads\\Computer Science\\CSC3003S 2025\\Capstone 2025\\project\\AI-CONTENT-DETECTOR\\frontend\\node_modules\\@testing-library\\dom\\dist\\wait-for.js:163:27)\n    at Object.<anonymous> (C:\\Users\\USER\\Downloads\\Computer Science\\CSC3003S 2025\\Capstone 2025\\project\\AI-CONTENT-DETECTOR\\frontend\\tests\\pages\\contentDetectPage.test.jsx:149:18)\n    at Promise.then.completed (C:\\Users\\USER\\Downloads\\Computer Science\\CSC3003S 2025\\Capstone 2025\\project\\AI-CONTENT-DETECTOR\\frontend\\node_modules\\jest-circus\\build\\utils.js:298:28)\n    at new Promise (<anonymous>)\n    at callAsyncCircusFn (C:\\Users\\USER\\Downloads\\Computer Science\\CSC3003S 2025\\Capstone 2025\\project\\AI-CONTENT-DETECTOR\\frontend\\node_modules\\jest-circus\\build\\utils.js:231:10)\n    at _callCircusTest (C:\\Users\\USER\\Downloads\\Computer Science\\CSC3003S 2025\\Capstone 2025\\project\\AI-CONTENT-DETECTOR\\frontend\\node_modules\\jest-circus\\build\\run.js:316:40)\n    at processTicksAndRejections (node:internal/process/task_queues:105:5)\n    at _runTest (C:\\Users\\USER\\Downloads\\Computer Science\\CSC3003S 2025\\Capstone 2025\\project\\AI-CONTENT-DETECTOR\\frontend\\node_modules\\jest-circus\\build\\run.js:252:3)\n    at _runTestsForDescribeBlock (C:\\Users\\USER\\Downloads\\Computer Science\\CSC3003S 2025\\Capstone 2025\\project\\AI-CONTENT-DETECTOR\\frontend\\node_modules\\jest-circus\\build\\run.js:126:9)\n    at _runTestsForDescribeBlock (C:\\Users\\USER\\Downloads\\Computer Science\\CSC3003S 2025\\Capstone 2025\\project\\AI-CONTENT-DETECTOR\\frontend\\node_modules\\jest-circus\\build\\run.js:121:9)\n    at run (C:\\Users\\USER\\Downloads\\Computer Science\\CSC3003S 2025\\Capstone 2025\\project\\AI-CONTENT-DETECTOR\\frontend\\node_modules\\jest-circus\\build\\run.js:71:3)\n    at runAndTransformResultsToJestFormat (C:\\Users\\USER\\Downloads\\Computer Science\\CSC3003S 2025\\Capstone 2025\\project\\AI-CONTENT-DETECTOR\\frontend\\node_modules\\jest-circus\\build\\legacy-code-todo-rewrite\\jestAdapterInit.js:122:21)\n    at jestAdapter (C:\\Users\\USER\\Downloads\\Computer Science\\CSC3003S 2025\\Capstone 2025\\project\\AI-CONTENT-DETECTOR\\frontend\\node_modules\\jest-circus\\build\\legacy-code-todo-rewrite\\jestAdapter.js:79:19)\n    at runTestInternal (C:\\Users\\USER\\Downloads\\Computer Science\\CSC3003S 2025\\Capstone 2025\\project\\AI-CONTENT-DETECTOR\\frontend\\node_modules\\jest-runner\\build\\runTest.js:367:16)\n    at runTest (C:\\Users\\USER\\Downloads\\Computer Science\\CSC3003S 2025\\Capstone 2025\\project\\AI-CONTENT-DETECTOR\\frontend\\node_modules\\jest-runner\\build\\runTest.js:444:34)\n    at Object.worker (C:\\Users\\USER\\Downloads\\Computer Science\\CSC3003S 2025\\Capstone 2025\\project\\AI-CONTENT-DETECTOR\\frontend\\node_modules\\jest-runner\\build\\testWorker.js:106:12)"],"fullName":"ContentDetectPage Component analyzes text and displays results","invocations":1,"location":null,"numPassingAsserts":33,"retryReasons":[],"status":"failed","title":"analyzes text and displays results"},{"ancestorTitles":["ContentDetectPage Component"],"duration":106,"failureDetails":[],"failureMessages":[],"fullName":"ContentDetectPage Component switches between text and file tabs","invocations":1,"location":null,"numPassingAsserts":3,"retryReasons":[],"status":"passed","title":"switches between text and file tabs"},{"ancestorTitles":["ContentDetectPage Component"],"duration":124,"failureDetails":[],"failureMessages":[],"fullName":"ContentDetectPage Component opens and submits feedback","invocations":1,"location":null,"numPassingAsserts":3,"retryReasons":[],"status":"passed","title":"opens and submits feedback"},{"ancestorTitles":["ContentDetectPage Component"],"duration":76,"failureDetails":[],"failureMessages":[],"fullName":"ContentDetectPage Component exports report","invocations":1,"location":null,"numPassingAsserts":2,"retryReasons":[],"status":"passed","title":"exports report"}],"endTime":1757595673680,"message":"\u001b[1m\u001b[31m  \u001b[1m● \u001b[22m\u001b[1mContentDetectPage Component › handles text input and character count\u001b[39m\u001b[22m\n\n    TestingLibraryElementError: Found multiple elements with the text: /characters/\n\n    Here are the matching elements:\n\n    Ignored nodes: comments, script, style\n    \u001b[36m<span\u001b[39m\n      \u001b[33mclass\u001b[39m=\u001b[32m\"\"\u001b[39m\n      \u001b[33mid\u001b[39m=\u001b[32m\"char-count\"\u001b[39m\n    \u001b[36m>\u001b[39m\n      \u001b[0m23\u001b[0m\n      \u001b[0m / \u001b[0m\n      \u001b[0m2 000\u001b[0m\n      \u001b[0m characters\u001b[0m\n    \u001b[36m</span>\u001b[39m\n\n    Ignored nodes: comments, script, style\n    \u001b[36m<span\u001b[39m\n      \u001b[33mclass\u001b[39m=\u001b[32m\"min-chars \"\u001b[39m\n    \u001b[36m>\u001b[39m\n      \u001b[0mMinimum \u001b[0m\n      \u001b[0m500\u001b[0m\n      \u001b[0m characters required for accurate analysis\u001b[0m\n    \u001b[36m</span>\u001b[39m\n\n    (If this is intentional, then use the `*AllBy*` variant of the query (like `queryAllByText`, `getAllByText`, or `findAllByText`)).\n\n    Ignored nodes: comments, script, style\n    \u001b[36m<body>\u001b[39m\n      \u001b[36m<div>\u001b[39m\n        \u001b[36m<section\u001b[39m\n          \u001b[33mclass\u001b[39m=\u001b[32m\"detector-section\"\u001b[39m\n          \u001b[33mdata-reveal\u001b[39m=\u001b[32m\"true\"\u001b[39m\n          \u001b[33mid\u001b[39m=\u001b[32m\"detector\"\u001b[39m\n        \u001b[36m>\u001b[39m\n          \u001b[36m<div\u001b[39m\n            \u001b[33mclass\u001b[39m=\u001b[32m\"container\"\u001b[39m\n          \u001b[36m>\u001b[39m\n            \u001b[36m<div\u001b[39m\n              \u001b[33mclass\u001b[39m=\u001b[32m\"section-header\"\u001b[39m\n            \u001b[36m>\u001b[39m\n              \u001b[36m<h2>\u001b[39m\n                \u001b[0mAI Content Detector\u001b[0m\n              \u001b[36m</h2>\u001b[39m\n              \u001b[36m<p>\u001b[39m\n                \u001b[0mPaste your text or upload a file to analyze content authenticity\u001b[0m\n              \u001b[36m</p>\u001b[39m\n            \u001b[36m</div>\u001b[39m\n            \u001b[36m<div\u001b[39m\n              \u001b[33mclass\u001b[39m=\u001b[32m\"detector-container\"\u001b[39m\n            \u001b[36m>\u001b[39m\n              \u001b[36m<div\u001b[39m\n                \u001b[33mclass\u001b[39m=\u001b[32m\"input-panel glass-card\"\u001b[39m\n              \u001b[36m>\u001b[39m\n                \u001b[36m<div\u001b[39m\n                  \u001b[33mclass\u001b[39m=\u001b[32m\"input-tabs\"\u001b[39m\n                \u001b[36m>\u001b[39m\n                  \u001b[36m<button\u001b[39m\n                    \u001b[33mclass\u001b[39m=\u001b[32m\"tab-btn active\"\u001b[39m\n                  \u001b[36m>\u001b[39m\n                    \u001b[36m<i\u001b[39m\n                      \u001b[33maria-hidden\u001b[39m=\u001b[32m\"true\"\u001b[39m\n                      \u001b[33mclass\u001b[39m=\u001b[32m\"fa-solid fa-keyboard\"\u001b[39m\n                    \u001b[36m/>\u001b[39m\n                    \u001b[36m<span>\u001b[39m\n                      \u001b[0mText Input\u001b[0m\n                    \u001b[36m</span>\u001b[39m\n                  \u001b[36m</button>\u001b[39m\n                  \u001b[36m<button\u001b[39m\n                    \u001b[33mclass\u001b[39m=\u001b[32m\"tab-btn \"\u001b[39m\n                  \u001b[36m>\u001b[39m\n                    \u001b[36m<i\u001b[39m\n                      \u001b[33maria-hidden\u001b[39m=\u001b[32m\"true\"\u001b[39m\n                      \u001b[33mclass\u001b[39m=\u001b[32m\"fa-solid fa-upload\"\u001b[39m\n                    \u001b[36m/>\u001b[39m\n                    \u001b[36m<span>\u001b[39m\n                      \u001b[0mFile Upload\u001b[0m\n                    \u001b[36m</span>\u001b[39m\n                  \u001b[36m</button>\u001b[39m\n                \u001b[36m</div>\u001b[39m\n                \u001b[36m<div\u001b[39m\n                  \u001b[33mclass\u001b[39m=\u001b[32m\"tab-content active\"\u001b[39m\n                  \u001b[33mid\u001b[39m=\u001b[32m\"text-tab\"\u001b[39m\n                \u001b[36m>\u001b[39m\n                  \u001b[36m<div\u001b[39m\n                    \u001b[33mclass\u001b[39m=\u001b[32m\"text-input-container\"\u001b[39m\n                  \u001b[36m>\u001b[39m\n                    \u001b[36m<textarea\u001b[39m\n                      \u001b[33mclass\u001b[39m=\u001b[32m\"text-input\"\u001b[39m\n                      \u001b[33mid\u001b[39m=\u001b[32m\"content-input\"\u001b[39m\n                      \u001b[33mplaceholder\u001b[39m=\u001b[32m\"Paste or type your content here for AI detection analysis...\"\u001b[39m\n                      \u001b[33mrows\u001b[39m=\u001b[32m\"12\"\u001b[39m\n                    \u001b[36m>\u001b[39m\n                      \u001b[0mSample text for testing\u001b[0m\n                    \u001b[36m</textarea>\u001b[39m\n                    \u001b[36m<button\u001b[39m\n                      \u001b[33maria-label\u001b[39m=\u001b[32m\"Clear text\"\u001b[39m\n                      \u001b[33mclass\u001b[39m=\u001b[32m\"clear-text-btn\"\u001b[39m\n                      \u001b[33mtitle\u001b[39m=\u001b[32m\"Clear text\"\u001b[39m\n                      \u001b[33mtype\u001b[39m=\u001b[32m\"button\"\u001b[39m\n                    \u001b[36m>\u001b[39m\n                      \u001b[36m<i\u001b[39m\n                        \u001b[33maria-hidden\u001b[39m=\u001b[32m\"true\"\u001b[39m\n                        \u001b[33mclass\u001b[39m=\u001b[32m\"fa-solid fa-trash\"\u001b[39m\n                      \u001b[36m/>\u001b[39m\n                    \u001b[36m</button>\u001b[39m\n                  \u001b[36m</div>\u001b[39m\n                  \u001b[36m<div\u001b[39m\n                    \u001b[33mclass\u001b[39m=\u001b[32m\"input-info\"\u001b[39m\n                  \u001b[36m>\u001b[39m\n                    \u001b[36m<span\u001b[39m\n                      \u001b[33mclass\u001b[39m=\u001b[32m\"\"\u001b[39m\n                      \u001b[33mid\u001b[39m=\u001b[32m\"char-count\"\u001b[39m\n                    \u001b[36m>\u001b[39m\n                      \u001b[0m23\u001b[0m\n                      \u001b[0m / \u001b[0m\n                      \u001b[0m2 000\u001b[0m\n                      \u001b[0m characters\u001b[0m\n                    \u001b[36m</span>\u001b[39m\n                    \u001b[36m<span\u001b[39m\n                      \u001b[33mclass\u001b[39m=\u001b[32m\"min-chars \"\u001b[39m\n                    \u001b[36m>\u001b[39m\n                      \u001b[0mMinimum \u001b[0m\n                      \u001b[0m500\u001b[0m\n                      \u001b[0m characters required for accurate analysis\u001b[0m\n                    \u001b[36m</span>\u001b[39m\n                  \u001b[36m</div>\u001b[39m\n                \u001b[36m</div>\u001b[39m\n                \u001b[36m<div\u001b[39m\n                  \u001b[33mclass\u001b[39m=\u001b[32m\"tab-content \"\u001b[39m\n                  \u001b[33mid\u001b[39m=\u001b[32m\"file-tab\"\u001b[39m\n                \u001b[36m>\u001b[39m\n                  \u001b[36m<div\u001b[39m\n                    \u001b[33mclass\u001b[39m=\u001b[32m\"upload-area \"\u001b[39m\n                  \u001b[36m>\u001b[39m\n                    \u001b[36m<div\u001b[39m\n                      \u001b[33maria-hidden\u001b[39m=\u001b[32m\"true\"\u001b[39m\n                      \u001b[33mclass\u001b[39m=\u001b[32m\"upload-icon\"\u001b[39m\n                    \u001b[36m>\u001b[39m\n                      \u001b[36m<i\u001b[39m\n                        \u001b[33mclass\u001b[39m=\u001b[32m\"fa-solid fa-cloud-arrow-up\"\u001b[39m\n                      \u001b[36m/>\u001b[39m\n                    \u001b[36m</div>\u001b[39m\n                    \u001b[36m<h3>\u001b[39m\n                      \u001b[0mDrop your file here\u001b[0m\n                    \u001b[36m</h3>\u001b[39m\n                    \u001b[36m<p>\u001b[39m\n                      \u001b[0mor \u001b[0m\n                      \u001b[36m<span\u001b[39m\n                        \u001b[33mclass\u001b[39m=\u001b[32m\"upload-link\"\u001b[39m\n                      \u001b[36m>\u001b[39m\n                        \u001b[0mbrowse files\u001b[0m\n                      \u001b[36m</span>\u001b[39m\n                    \u001b[36m</p>\u001b[39m\n                    \u001b[36m<input\u001b[39m\n                      \u001b[33maccept\u001b[39m=\u001b[32m\".txt,.docx,.pdf\"\u001b[39m\n                      \u001b[33mhidden\u001b[39m=\u001b[32m\"\"\u001b[39m\n                      \u001b[33mid\u001b[39m=\u001b[32m\"file-input\"\u001b[39m\n                      \u001b[33mtype\u001b[39m=\u001b[32m\"file\"\u001b[39m\n                    \u001b[36m/>\u001b[39m\n                    \u001b[36m<div\u001b[39m\n                      \u001b[33mclass\u001b[39m=\u001b[32m\"supported-formats\"\u001b[39m\n                    \u001b[36m>\u001b[39m\n                      \u001b[0mSupported: TXT, DOCX, PDF (max 10MB)\u001b[0m\n                    \u001b[36m</div>\u001b[39m\n                  \u001b[36m</div>\u001b[39m\n                \u001b[36m</div>\u001b[39m\n                \u001b[36m<button\u001b[39m\n                  \u001b[33mclass\u001b[39m=\u001b[32m\"btn btn-primary analyze-btn\"\u001b[39m\n                  \u001b[33mdisabled\u001b[39m=\u001b[32m\"\"\u001b[39m\n                \u001b[36m>\u001b[39m\n                  \u001b[36m<img\u001b[39m\n                    \u001b[33malt\u001b[39m=\u001b[32m\"detect\"\u001b[39m\n                    \u001b[33mheight\u001b[39m=\u001b[32m\"20\"\u001b[39m\n                    \u001b[33msrc\u001b[39m=\u001b[32m\"detect-icon.svg\"\u001b[39m\n                  \u001b[36m/>\u001b[39m\n                  \u001b[36m<span>\u001b[39m\n                    \u001b[0mAnalyze\u001b[0m\n                  \u001b[36m</span>\u001b[39m\n                \u001b[36m</button>\u001b[39m\n              \u001b[36m</div>\u001b[39m\n              \u001b[36m<div\u001b[39m\n                \u001b[33mclass\u001b[39m=\u001b[32m\"results-panel glass-card\"\u001b[39m\n                \u001b[33mid\u001b[39m=\u001b[32m\"results-panel\"\u001b[39m\n              \u001b[36m>\u001b[39m\n                \u001b[36m<div\u001b[39m\n                  \u001b[33mclass\u001b[39m=\u001b[32m\"results-empty\"\u001b[39m\n                \u001b[36m>\u001b[39m\n                  \u001b[36m<div>\u001b[39m\n                    \u001b[36m<i\u001b[39m\n                      \u001b[33maria-hidden\u001b[39m=\u001b[32m\"true\"\u001b[39m\n                      \u001b[33mclass\u001b[39m=\u001b[32m\"fa-solid fa-chart-line\"\u001b[39m\n                      \u001b[33mstyle\u001b[39m=\u001b[32m\"font-size: 28px;\"\u001b[39m\n                    \u001b[36m/>\u001b[39m\n                    \u001b[36m<div\u001b[39m\n                      \u001b[33mclass\u001b[39m=\u001b[32m\"hint\"\u001b[39m\n                    \u001b[36m>\u001b[39m\n                      \u001b[0mResults will appear here after you analyze.\u001b[0m\n                    \u001b[36m</div>\u001b[39m\n                  \u001b[36m</div>\u001b[39m\n                \u001b[36m</div>\u001b[39m\n              \u001b[36m</div>\u001b[39m\n            \u001b[36m</div>\u001b[39m\n          \u001b[36m</div>\u001b[39m\n        \u001b[36m</section>\u001b[39m\n      \u001b[36m</div>\u001b[39m\n    \u001b[36m</body>\u001b[39m\n\u001b[2m\u001b[22m\n\u001b[2m    \u001b[0m \u001b[90m 106 |\u001b[39m     \u001b[22m\n\u001b[2m     \u001b[90m 107 |\u001b[39m     \u001b[90m// Check character count\u001b[39m\u001b[22m\n\u001b[2m    \u001b[31m\u001b[1m>\u001b[22m\u001b[2m\u001b[39m\u001b[90m 108 |\u001b[39m     expect(screen\u001b[33m.\u001b[39mgetByText(\u001b[35m/characters/\u001b[39m))\u001b[33m.\u001b[39mtoHaveTextContent(\u001b[32m'23 / 2,000 characters'\u001b[39m)\u001b[33m;\u001b[39m\u001b[22m\n\u001b[2m     \u001b[90m     |\u001b[39m                   \u001b[31m\u001b[1m^\u001b[22m\u001b[2m\u001b[39m\u001b[22m\n\u001b[2m     \u001b[90m 109 |\u001b[39m   })\u001b[33m;\u001b[39m\u001b[22m\n\u001b[2m     \u001b[90m 110 |\u001b[39m\u001b[22m\n\u001b[2m     \u001b[90m 111 |\u001b[39m   test(\u001b[32m'disables analyze button when text is too short'\u001b[39m\u001b[33m,\u001b[39m () \u001b[33m=>\u001b[39m {\u001b[0m\u001b[22m\n\u001b[2m\u001b[22m\n\u001b[2m      \u001b[2mat Object.getElementError (\u001b[22m\u001b[2mnode_modules/@testing-library/dom/dist/config.js\u001b[2m:37:19)\u001b[22m\u001b[2m\u001b[22m\n\u001b[2m      \u001b[2mat getElementError (\u001b[22m\u001b[2mnode_modules/@testing-library/dom/dist/query-helpers.js\u001b[2m:20:35)\u001b[22m\u001b[2m\u001b[22m\n\u001b[2m      \u001b[2mat getMultipleElementsFoundError (\u001b[22m\u001b[2mnode_modules/@testing-library/dom/dist/query-helpers.js\u001b[2m:23:10)\u001b[22m\u001b[2m\u001b[22m\n\u001b[2m      \u001b[2mat \u001b[22m\u001b[2mnode_modules/@testing-library/dom/dist/query-helpers.js\u001b[2m:55:13\u001b[22m\u001b[2m\u001b[22m\n\u001b[2m      \u001b[2mat \u001b[22m\u001b[2mnode_modules/@testing-library/dom/dist/query-helpers.js\u001b[2m:95:19\u001b[22m\u001b[2m\u001b[22m\n\u001b[2m      \u001b[2mat Object.getByText (\u001b[22m\u001b[2m\u001b[0m\u001b[36mtests/pages/contentDetectPage.test.jsx\u001b[39m\u001b[0m\u001b[2m:108:19)\u001b[22m\u001b[2m\u001b[22m\n\n\u001b[1m\u001b[31m  \u001b[1m● \u001b[22m\u001b[1mContentDetectPage Component › analyzes text and displays results\u001b[39m\u001b[22m\n\n    Found multiple elements with the text: 75%\n\n    Here are the matching elements:\n\n    Ignored nodes: comments, script, style\n    \u001b[36m<div\u001b[39m\n      \u001b[33mclass\u001b[39m=\u001b[32m\"score-value\"\u001b[39m\n      \u001b[33mid\u001b[39m=\u001b[32m\"score-value\"\u001b[39m\n    \u001b[36m>\u001b[39m\n      \u001b[0m75\u001b[0m\n      \u001b[0m%\u001b[0m\n    \u001b[36m</div>\u001b[39m\n\n    Ignored nodes: comments, script, style\n    \u001b[36m<span\u001b[39m\n      \u001b[33mclass\u001b[39m=\u001b[32m\"metric-value\"\u001b[39m\n    \u001b[36m>\u001b[39m\n      \u001b[0m75\u001b[0m\n      \u001b[0m%\u001b[0m\n    \u001b[36m</span>\u001b[39m\n\n    (If this is intentional, then use the `*AllBy*` variant of the query (like `queryAllByText`, `getAllByText`, or `findAllByText`)).\n\n    Ignored nodes: comments, script, style\n    \u001b[36m<body>\u001b[39m\n      \u001b[36m<div>\u001b[39m\n        \u001b[36m<section\u001b[39m\n          \u001b[33mclass\u001b[39m=\u001b[32m\"detector-section\"\u001b[39m\n          \u001b[33mdata-reveal\u001b[39m=\u001b[32m\"true\"\u001b[39m\n          \u001b[33mid\u001b[39m=\u001b[32m\"detector\"\u001b[39m\n        \u001b[36m>\u001b[39m\n          \u001b[36m<div\u001b[39m\n            \u001b[33mclass\u001b[39m=\u001b[32m\"container\"\u001b[39m\n          \u001b[36m>\u001b[39m\n            \u001b[36m<div\u001b[39m\n              \u001b[33mclass\u001b[39m=\u001b[32m\"section-header\"\u001b[39m\n            \u001b[36m>\u001b[39m\n              \u001b[36m<h2>\u001b[39m\n                \u001b[0mAI Content Detector\u001b[0m\n              \u001b[36m</h2>\u001b[39m\n              \u001b[36m<p>\u001b[39m\n                \u001b[0mPaste your text or upload a file to analyze content authenticity\u001b[0m\n              \u001b[36m</p>\u001b[39m\n            \u001b[36m</div>\u001b[39m\n            \u001b[36m<div\u001b[39m\n              \u001b[33mclass\u001b[39m=\u001b[32m\"detector-container\"\u001b[39m\n            \u001b[36m>\u001b[39m\n              \u001b[36m<div\u001b[39m\n                \u001b[33mclass\u001b[39m=\u001b[32m\"input-panel glass-card\"\u001b[39m\n              \u001b[36m>\u001b[39m\n                \u001b[36m<div\u001b[39m\n                  \u001b[33mclass\u001b[39m=\u001b[32m\"input-tabs\"\u001b[39m\n                \u001b[36m>\u001b[39m\n                  \u001b[36m<button\u001b[39m\n                    \u001b[33mclass\u001b[39m=\u001b[32m\"tab-btn active\"\u001b[39m\n                  \u001b[36m>\u001b[39m\n                    \u001b[36m<i\u001b[39m\n                      \u001b[33maria-hidden\u001b[39m=\u001b[32m\"true\"\u001b[39m\n                      \u001b[33mclass\u001b[39m=\u001b[32m\"fa-solid fa-keyboard\"\u001b[39m\n                    \u001b[36m/>\u001b[39m\n                    \u001b[36m<span>\u001b[39m\n                      \u001b[0mText Input\u001b[0m\n                    \u001b[36m</span>\u001b[39m\n                  \u001b[36m</button>\u001b[39m\n                  \u001b[36m<button\u001b[39m\n                    \u001b[33mclass\u001b[39m=\u001b[32m\"tab-btn \"\u001b[39m\n                  \u001b[36m>\u001b[39m\n                    \u001b[36m<i\u001b[39m\n                      \u001b[33maria-hidden\u001b[39m=\u001b[32m\"true\"\u001b[39m\n                      \u001b[33mclass\u001b[39m=\u001b[32m\"fa-solid fa-upload\"\u001b[39m\n                    \u001b[36m/>\u001b[39m\n                    \u001b[36m<span>\u001b[39m\n                      \u001b[0mFile Upload\u001b[0m\n                    \u001b[36m</span>\u001b[39m\n                  \u001b[36m</button>\u001b[39m\n                \u001b[36m</div>\u001b[39m\n                \u001b[36m<div\u001b[39m\n                  \u001b[33mclass\u001b[39m=\u001b[32m\"tab-content active\"\u001b[39m\n                  \u001b[33mid\u001b[39m=\u001b[32m\"text-tab\"\u001b[39m\n                \u001b[36m>\u001b[39m\n                  \u001b[36m<div\u001b[39m\n                    \u001b[33mclass\u001b[39m=\u001b[32m\"text-input-container\"\u001b[39m\n                  \u001b[36m>\u001b[39m\n                    \u001b[36m<textarea\u001b[39m\n                      \u001b[33mclass\u001b[39m=\u001b[32m\"text-input\"\u001b[39m\n                      \u001b[33mid\u001b[39m=\u001b[32m\"content-input\"\u001b[39m\n                      \u001b[33mplaceholder\u001b[39m=\u001b[32m\"Paste or type your content here for AI detection analysis...\"\u001b[39m\n                      \u001b[33mrows\u001b[39m=\u001b[32m\"12\"\u001b[39m\n                    \u001b[36m>\u001b[39m\n                      \u001b[0mAAAAAAAAAAAAAAAAAAAAAAAAAAAAAAAAAAAAAAAAAAAAAAAAAAAAAAAAAAAAAAAAAAAAAAAAAAAAAAAAAAAAAAAAAAAAAAAAAAAAAAAAAAAAAAAAAAAAAAAAAAAAAAAAAAAAAAAAAAAAAAAAAAAAAAAAAAAAAAAAAAAAAAAAAAAAAAAAAAAAAAAAAAAAAAAAAAAAAAAAAAAAAAAAAAAAAAAAAAAAAAAAAAAAAAAAAAAAAAAAAAAAAAAAAAAAAAAAAAAAAAAAAAAAAAAAAAAAAAAAAAAAAAAAAAAAAAAAAAAAAAAAAAAAAAAAAAAAAAAAAAAAAAAAAAAAAAAAAAAAAAAAAAAAAAAAAAAAAAAAAAAAAAAAAAAAAAAAAAAAAAAAAAAAAAAAAAAAAAAAAAAAAAAAAAAAAAAAAAAAAAAAAAAAAAAAAAAAAAAAAAAAAAAAAAAAAAAAAAAAAAAAAAAAAAAAAAAAAAAAAAAAAAAAAAAAAAAAAAAA\u001b[0m\n                    \u001b[36m</textarea>\u001b[39m\n                    \u001b[36m<button\u001b[39m\n                      \u001b[33maria-label\u001b[39m=\u001b[32m\"Clear text\"\u001b[39m\n                      \u001b[33mclass\u001b[39m=\u001b[32m\"clear-text-btn\"\u001b[39m\n                      \u001b[33mtitle\u001b[39m=\u001b[32m\"Clear text\"\u001b[39m\n                      \u001b[33mtype\u001b[39m=\u001b[32m\"button\"\u001b[39m\n                    \u001b[36m>\u001b[39m\n                      \u001b[36m<i\u001b[39m\n                        \u001b[33maria-hidden\u001b[39m=\u001b[32m\"true\"\u001b[39m\n                        \u001b[33mclass\u001b[39m=\u001b[32m\"fa-solid fa-trash\"\u001b[39m\n                      \u001b[36m/>\u001b[39m\n                    \u001b[36m</button>\u001b[39m\n                  \u001b[36m</div>\u001b[39m\n                  \u001b[36m<div\u001b[39m\n                    \u001b[33mclass\u001b[39m=\u001b[32m\"input-info\"\u001b[39m\n                  \u001b[36m>\u001b[39m\n                    \u001b[36m<span\u001b[39m\n                      \u001b[33mclass\u001b[39m=\u001b[32m\"char-ok\"\u001b[39m\n                      \u001b[33mid\u001b[39m=\u001b[32m\"char-count\"\u001b[39m\n                    \u001b[36m>\u001b[39m\n                      \u001b[0m500\u001b[0m\n                      \u001b[0m / \u001b[0m\n                      \u001b[0m2 000\u001b[0m\n                      \u001b[0m characters\u001b[0m\n                    \u001b[36m</span>\u001b[39m\n                    \u001b[36m<span\u001b[39m\n                      \u001b[33mclass\u001b[39m=\u001b[32m\"min-chars ok\"\u001b[39m\n                    \u001b[36m>\u001b[39m\n                      \u001b[0mMinimum \u001b[0m\n                      \u001b[0m500\u001b[0m\n                      \u001b[0m characters required for accurate analysis\u001b[0m\n                    \u001b[36m</span>\u001b[39m\n                  \u001b[36m</div>\u001b[39m\n                \u001b[36m</div>\u001b[39m\n                \u001b[36m<div\u001b[39m\n                  \u001b[33mclass\u001b[39m=\u001b[32m\"tab-content \"\u001b[39m\n                  \u001b[33mid\u001b[39m=\u001b[32m\"file-tab\"\u001b[39m\n                \u001b[36m>\u001b[39m\n                  \u001b[36m<div\u001b[39m\n                    \u001b[33mclass\u001b[39m=\u001b[32m\"upload-area \"\u001b[39m\n                  \u001b[36m>\u001b[39m\n                    \u001b[36m<div\u001b[39m\n                      \u001b[33maria-hidden\u001b[39m=\u001b[32m\"true\"\u001b[39m\n                      \u001b[33mclass\u001b[39m=\u001b[32m\"upload-icon\"\u001b[39m\n                    \u001b[36m>\u001b[39m\n                      \u001b[36m<i\u001b[39m\n                        \u001b[33mclass\u001b[39m=\u001b[32m\"fa-solid fa-cloud-arrow-up\"\u001b[39m\n                      \u001b[36m/>\u001b[39m\n                    \u001b[36m</div>\u001b[39m\n                    \u001b[36m<h3>\u001b[39m\n                      \u001b[0mDrop your file here\u001b[0m\n                    \u001b[36m</h3>\u001b[39m\n                    \u001b[36m<p>\u001b[39m\n                      \u001b[0mor \u001b[0m\n                      \u001b[36m<span\u001b[39m\n                        \u001b[33mclass\u001b[39m=\u001b[32m\"upload-link\"\u001b[39m\n                      \u001b[36m>\u001b[39m\n                        \u001b[0mbrowse files\u001b[0m\n                      \u001b[36m</span>\u001b[39m\n                    \u001b[36m</p>\u001b[39m\n                    \u001b[36m<input\u001b[39m\n                      \u001b[33maccept\u001b[39m=\u001b[32m\".txt,.docx,.pdf\"\u001b[39m\n                      \u001b[33mhidden\u001b[39m=\u001b[32m\"\"\u001b[39m\n                      \u001b[33mid\u001b[39m=\u001b[32m\"file-input\"\u001b[39m\n                      \u001b[33mtype\u001b[39m=\u001b[32m\"file\"\u001b[39m\n                    \u001b[36m/>\u001b[39m\n                    \u001b[36m<div\u001b[39m\n                      \u001b[33mclass\u001b[39m=\u001b[32m\"supported-formats\"\u001b[39m\n                    \u001b[36m>\u001b[39m\n                      \u001b[0mSupported: TXT, DOCX, PDF (max 10MB)\u001b[0m\n                    \u001b[36m</div>\u001b[39m\n                  \u001b[36m</div>\u001b[39m\n                \u001b[36m</div>\u001b[39m\n                \u001b[36m<button\u001b[39m\n                  \u001b[33mclass\u001b[39m=\u001b[32m\"btn btn-primary analyze-btn\"\u001b[39m\n                \u001b[36m>\u001b[39m\n                  \u001b[36m<img\u001b[39m\n                    \u001b[33malt\u001b[39m=\u001b[32m\"detect\"\u001b[39m\n                    \u001b[33mheight\u001b[39m=\u001b[32m\"20\"\u001b[39m\n                    \u001b[33msrc\u001b[39m=\u001b[32m\"detect-icon.svg\"\u001b[39m\n                  \u001b[36m/>\u001b[39m\n                  \u001b[36m<span>\u001b[39m\n                    \u001b[0mAnalyze\u001b[0m\n                  \u001b[36m</span>\u001b[39m\n                \u001b[36m</button>\u001b[39m\n                \u001b[36m<div\u001b[39m\n                  \u001b[33maria-live\u001b[39m=\u001b[32m\"polite\"\u001b[39m\n                  \u001b[33mclass\u001b[39m=\u001b[32m\"limit-info\"\u001b[39m\n                  \u001b[33mrole\u001b[39m=\u001b[32m\"status\"\u001b[39m\n                \u001b[36m>\u001b[39m\n                  \u001b[0m99/100 daily submissions remaining.\u001b[0m\n                \u001b[36m</div>\u001b[39m\n              \u001b[36m</div>\u001b[39m\n              \u001b[36m<div\u001b[39m\n                \u001b[33mclass\u001b[39m=\u001b[32m\"results-panel glass-card\"\u001b[39m\n                \u001b[33mid\u001b[39m=\u001b[32m\"results-panel\"\u001b[39m\n              \u001b[36m>\u001b[39m\n                \u001b[36m<div\u001b[39m\n                  \u001b[33mclass\u001b[39m=\u001b[32m\"results-header\"\u001b[39m\n                \u001b[36m>\u001b[39m\n                  \u001b[36m<h3>\u001b[39m\n                    \u001b[0mDetection Results\u001b[0m\n                  \u001b[36m</h3>\u001b[39m\n                  \u001b[36m<div\u001b[39m\n                    \u001b[33mclass\u001b[39m=\u001b[32m\"analysis-time\"\u001b[39m\n                  \u001b[36m>\u001b[39m\n                    \u001b[0mAnalyzed in \u001b[0m\n                    \u001b[36m<span\u001b[39m\n                      \u001b[33mid\u001b[39m=\u001b[32m\"analysis-time\"\u001b[39m\n                    \u001b[36m>\u001b[39m\n                      \u001b[0m0.0s\u001b[0m\n                    \u001b[36m</span>\u001b[39m\n                  \u001b[36m</div>\u001b[39m\n                \u001b[36m</div>\u001b[39m\n                \u001b[36m<div\u001b[39m\n                  \u001b[33mclass\u001b[39m=\u001b[32m\"confidence-score\"\u001b[39m\n                \u001b[36m>\u001b[39m\n                  \u001b[36m<div\u001b[39m\n                    \u001b[33mclass\u001b[39m=\u001b[32m\"score-circle\"\u001b[39m\n                    \u001b[33mstyle\u001b[39m=\u001b[32m\"--p: 75%;\"\u001b[39m\n                  \u001b[36m>\u001b[39m\n                    \u001b[36m<div\u001b[39m\n                      \u001b[33mclass\u001b[39m=\u001b[32m\"score-value\"\u001b[39m\n                      \u001b[33mid\u001b[39m=\u001b[32m\"score-value\"\u001b[39m\n                    \u001b[36m>\u001b[39m\n                      \u001b[0m75\u001b[0m\n                      \u001b[0m%\u001b[0m\n                    \u001b[36m</div>\u001b[39m\n                    \u001b[36m<div\u001b[39m\n                      \u001b[33mclass\u001b[39m=\u001b[32m\"score-label\"\u001b[39m\n                    \u001b[36m>\u001b[39m\n                      \u001b[0mAI content detected\u001b[0m\n                    \u001b[36m</div>\u001b[39m\n                  \u001b[36m</div>\u001b[39m\n                  \u001b[36m<div\u001b[39m\n                    \u001b[33mclass\u001b[39m=\u001b[32m\"score-interpretation\"\u001b[39m\n                    \u001b[33mid\u001b[39m=\u001b[32m\"score-interpretation\"\u001b[39m\n                  \u001b[36m>\u001b[39m\n                    \u001b[36m<div\u001b[39m\n                      \u001b[33mclass\u001b[39m=\u001b[32m\"interpretation-text\"\u001b[39m\n                    \u001b[36m>\u001b[39m\n                      \u001b[0mLikely AI‑generated\u001b[0m\n                    \u001b[36m</div>\u001b[39m\n                    \u001b[36m<div\u001b[39m\n                      \u001b[33mclass\u001b[39m=\u001b[32m\"interpretation-desc\"\u001b[39m\n                    \u001b[36m>\u001b[39m\n                      \u001b[0mPreview estimate based on AI patterns\u001b[0m\n                    \u001b[36m</div>\u001b[39m\n                  \u001b[36m</div>\u001b[39m\n                \u001b[36m</div>\u001b[39m\n                \u001b[36m<div\u001b[39m\n                  \u001b[33mclass\u001b[39m=\u001b[32m\"detailed-analysis\"\u001b[39m\n                \u001b[36m>\u001b[39m\n                  \u001b[36m<h4>\u001b[39m\n                    \u001b[0mDetailed Analysis\u001b[0m\n                  \u001b[36m</h4>\u001b[39m\n                  \u001b[36m<div\u001b[39m\n                    \u001b[33mclass\u001b[39m=\u001b[32m\"analysis-metrics\"\u001b[39m\n                  \u001b[36m>\u001b[39m\n                    \u001b[36m<div\u001b[39m\n                      \u001b[33mclass\u001b[39m=\u001b[32m\"metric\"\u001b[39m\n                    \u001b[36m>\u001b[39m\n                      \u001b[36m<span\u001b[39m\n                        \u001b[33mclass\u001b[39m=\u001b[32m\"metric-label\"\u001b[39m\n                      \u001b[36m>\u001b[39m\n                        \u001b[0mSentence Structure\u001b[0m\n                      \u001b[36m</span>\u001b[39m\n                      \u001b[36m<div\u001b[39m\n                        \u001b[33mclass\u001b[39m=\u001b[32m\"metric-bar\"\u001b[39m\n                      \u001b[36m>\u001b[39m\n                        \u001b[36m<div\u001b[39m\n                          \u001b[33mclass\u001b[39m=\u001b[32m\"metric-fill\"\u001b[39m\n                          \u001b[33mstyle\u001b[39m=\u001b[32m\"width: 80%;\"\u001b[39m\n                        \u001b[36m/>\u001b[39m\n                      \u001b[36m</div>\u001b[39m\n                      \u001b[36m<span\u001b[39m\n                        \u001b[33mclass\u001b[39m=\u001b[32m\"metric-value\"\u001b[39m\n                      \u001b[36m>\u001b[39m\n                        \u001b[0m80\u001b[0m\n                        \u001b[0m%\u001b[0m\n                      \u001b[36m</span>\u001b[39m\n                    \u001b[36m</div>\u001b[39m\n                    \u001b[36m<div\u001b[39m\n                      \u001b[33mclass\u001b[39m=\u001b[32m\"metric\"\u001b[39m\n                    \u001b[36m>\u001b[39m\n                      \u001b[36m<span\u001b[39m\n                        \u001b[33mclass\u001b[39m=\u001b[32m\"metric-label\"\u001b[39m\n                      \u001b[36m>\u001b[39m\n                        \u001b[0mVocabulary Patterns\u001b[0m\n                      \u001b[36m</span>\u001b[39m\n                      \u001b[36m<div\u001b[39m\n                        \u001b[33mclass\u001b[39m=\u001b[32m\"metric-bar\"\u001b[39m\n                      \u001b[36m>\u001b[39m\n                        \u001b[36m<div\u001b[39m\n                          \u001b[33mclass\u001b[39m=\u001b[32m\"metric-fill\"\u001b[39m\n                          \u001b[33mstyle\u001b[39m=\u001b[32m\"width: 70%;\"\u001b[39m\n                        \u001b[36m/>\u001b[39m\n                      \u001b[36m</div>\u001b[39m\n                      \u001b[36m<span\u001b[39m\n                        \u001b[33mclass\u001b[39m=\u001b[32m\"metric-value\"\u001b[39m\n                      \u001b[36m>\u001b[39m\n                        \u001b[0m70\u001b[0m\n                        \u001b[0m%\u001b[0m\n                      \u001b[36m</span>\u001b[39m\n                    \u001b[36m</div>\u001b[39m\n                    \u001b[36m<div\u001b[39m\n                      \u001b[33mclass\u001b[39m=\u001b[32m\"metric\"\u001b[39m\n                    \u001b[36m>\u001b[39m\n                      \u001b[36m<span\u001b[39m\n                        \u001b[33mclass\u001b[39m=\u001b[32m\"metric-label\"\u001b[39m\n                      \u001b[36m>\u001b[39m\n                        \u001b[0mWriting Style\u001b[0m\n                      \u001b[36m</span>\u001b[39m\n                      \u001b[36m<div\u001b[39m\n                        \u001b[33mclass\u001b[39m=\u001b[32m\"metric-bar\"\u001b[39m\n                      \u001b[36m>\u001b[39m\n                        \u001b[36m<div\u001b[39m\n                          \u001b[33mclass\u001b[39m=\u001b[32m\"metric-fill\"\u001b[39m\n                          \u001b[33mstyle\u001b[39m=\u001b[32m\"width: 75%;\"\u001b[39m\n                        \u001b[36m/>\u001b[39m\n                      \u001b[36m</div>\u001b[39m\n                      \u001b[36m<span\u001b[39m\n                        \u001b[33mclass\u001b[39m=\u001b[32m\"metric-value\"\u001b[39m\n                      \u001b[36m>\u001b[39m\n                        \u001b[0m75\u001b[0m\n                        \u001b[0m%\u001b[0m\n                      \u001b[36m</span>\u001b[39m\n                    \u001b[36m</div>\u001b[39m\n                  \u001b[36m</div>\u001b[39m\n                \u001b[36m</div>\u001b[39m\n                \u001b[36m<div\u001b[39m\n                  \u001b[33mclass\u001b[39m=\u001b[32m\"content-highlights\"\u001b[39m\n                  \u001b[33mid\u001b[39m=\u001b[32m\"content-highlights\"\u001b[39m\n                \u001b[36m>\u001b[39m\n                  \u001b[36m<h4>\u001b[39m\n                    \u001b[0mFlagged Sections\u001b[0m\n                  \u001b[36m</h4>\u001b[39m\n                  \u001b[36m<div\u001b[39m\n                    \u001b[33mclass\u001b[39m=\u001b[32m\"highlighted-content\"\u001b[39m\n                  \u001b[36m>\u001b[39m\n                    \u001b[36m<p>\u001b[39m\n                      \u001b[0mFlagged content will appear here when the backend is implemented.\u001b[0m\n                    \u001b[36m</p>\u001b[39m\n                  \u001b[36m</div>\u001b[39m\n                \u001b[36m</div>\u001b[39m\n                \u001b[36m<div\u001b[39m\n                  \u001b[33mclass\u001b[39m=\u001b[32m\"results-actions\"\u001b[39m\n                \u001b[36m>\u001b[39m\n                  \u001b[36m<button\u001b[39m\n                    \u001b[33mclass\u001b[39m=\u001b[32m\"btn btn-ghost\"\u001b[39m\n                  \u001b[36m>\u001b[39m\n                    \u001b[36m<i\u001b[39m\n                      \u001b[33maria-hidden\u001b[39m=\u001b[32m\"true\"\u001b[39m\n                      \u001b[33mclass\u001b[39m=\u001b[32m\"fa-solid fa-download\"\u001b[39m\n                    \u001b[36m/>\u001b[39m\n                    \u001b[36m<span>\u001b[39m\n                      \u001b[0mExport Report\u001b[0m\n                    \u001b[36m</span>\u001b[39m\n                  \u001b[36m</button>\u001b[39m\n                  \u001b[36m<button\u001b[39m\n                    \u001b[33mclass\u001b[39m=\u001b[32m\"btn btn-ghost\"\u001b[39m\n                  \u001b[36m>\u001b[39m\n                    \u001b[36m<i\u001b[39m\n                      \u001b[33maria-hidden\u001b[39m=\u001b[32m\"true\"\u001b[39m\n                      \u001b[33mclass\u001b[39m=\u001b[32m\"fa-solid fa-comment-dots\"\u001b[39m\n                    \u001b[36m/>\u001b[39m\n                    \u001b[36m<span>\u001b[39m\n                      \u001b[0mProvide Feedback\u001b[0m\n                    \u001b[36m</span>\u001b[39m\n                  \u001b[36m</button>\u001b[39m\n                \u001b[36m</div>\u001b[39m\n              \u001b[36m</div>\u001b[39m\n            \u001b[36m</div>\u001b[39m\n          \u001b[36m</div>\u001b[39m\n        \u001b[36m</section>\u001b[39m\n      \u001b[36m</div>\u001b[39m\n    \u001b[36m</body>\u001b[39m\n\u001b[2m\u001b[22m\n\u001b[2m    \u001b[0m \u001b[90m 147 |\u001b[39m     \u001b[22m\n\u001b[2m     \u001b[90m 148 |\u001b[39m     \u001b[90m// Wait for results\u001b[39m\u001b[22m\n\u001b[2m    \u001b[31m\u001b[1m>\u001b[22m\u001b[2m\u001b[39m\u001b[90m 149 |\u001b[39m     \u001b[36mawait\u001b[39m waitFor(() \u001b[33m=>\u001b[39m {\u001b[22m\n\u001b[2m     \u001b[90m     |\u001b[39m                  \u001b[31m\u001b[1m^\u001b[22m\u001b[2m\u001b[39m\u001b[22m\n\u001b[2m     \u001b[90m 150 |\u001b[39m       expect(apiService\u001b[33m.\u001b[39manalyzeText)\u001b[33m.\u001b[39mtoHaveBeenCalledWith(longText)\u001b[33m;\u001b[39m\u001b[22m\n\u001b[2m     \u001b[90m 151 |\u001b[39m       expect(screen\u001b[33m.\u001b[39mgetByText(\u001b[32m'Detection Results'\u001b[39m))\u001b[33m.\u001b[39mtoBeInTheDocument()\u001b[33m;\u001b[39m\u001b[22m\n\u001b[2m     \u001b[90m 152 |\u001b[39m       expect(screen\u001b[33m.\u001b[39mgetByText(\u001b[32m'75%'\u001b[39m))\u001b[33m.\u001b[39mtoBeInTheDocument()\u001b[33m;\u001b[39m \u001b[90m// AI likelihood\u001b[39m\u001b[0m\u001b[22m\n\u001b[2m\u001b[22m\n\u001b[2m      \u001b[2mat waitForWrapper (\u001b[22m\u001b[2mnode_modules/@testing-library/dom/dist/wait-for.js\u001b[2m:163:27)\u001b[22m\u001b[2m\u001b[22m\n\u001b[2m      \u001b[2mat Object.<anonymous> (\u001b[22m\u001b[2m\u001b[0m\u001b[36mtests/pages/contentDetectPage.test.jsx\u001b[39m\u001b[0m\u001b[2m:149:18)\u001b[22m\u001b[2m\u001b[22m\n","name":"C:\\Users\\USER\\Downloads\\Computer Science\\CSC3003S 2025\\Capstone 2025\\project\\AI-CONTENT-DETECTOR\\frontend\\tests\\pages\\contentDetectPage.test.jsx","startTime":1757595669072,"status":"failed","summary":""},{"assertionResults":[{"ancestorTitles":["API Service","analyzeText"],"duration":5039,"failureDetails":[{"message":"thrown: \"Exceeded timeout of 5000 ms for a test.\nAdd a timeout value to this test to increase the timeout, if this is a long-running test. See https://jestjs.io/docs/api#testname-fn-timeout.\""}],"failureMessages":["Error: thrown: \"Exceeded timeout of 5000 ms for a test.\nAdd a timeout value to this test to increase the timeout, if this is a long-running test. See https://jestjs.io/docs/api#testname-fn-timeout.\"\n    at it (C:\\Users\\USER\\Downloads\\Computer Science\\CSC3003S 2025\\Capstone 2025\\project\\AI-CONTENT-DETECTOR\\frontend\\tests\\services\\api.test.js:35:5)\n    at _dispatchDescribe (C:\\Users\\USER\\Downloads\\Computer Science\\CSC3003S 2025\\Capstone 2025\\project\\AI-CONTENT-DETECTOR\\frontend\\node_modules\\jest-circus\\build\\index.js:91:26)\n    at describe (C:\\Users\\USER\\Downloads\\Computer Science\\CSC3003S 2025\\Capstone 2025\\project\\AI-CONTENT-DETECTOR\\frontend\\node_modules\\jest-circus\\build\\index.js:55:5)\n    at describe (C:\\Users\\USER\\Downloads\\Computer Science\\CSC3003S 2025\\Capstone 2025\\project\\AI-CONTENT-DETECTOR\\frontend\\tests\\services\\api.test.js:34:3)\n    at _dispatchDescribe (C:\\Users\\USER\\Downloads\\Computer Science\\CSC3003S 2025\\Capstone 2025\\project\\AI-CONTENT-DETECTOR\\frontend\\node_modules\\jest-circus\\build\\index.js:91:26)\n    at describe (C:\\Users\\USER\\Downloads\\Computer Science\\CSC3003S 2025\\Capstone 2025\\project\\AI-CONTENT-DETECTOR\\frontend\\node_modules\\jest-circus\\build\\index.js:55:5)\n    at Object.describe (C:\\Users\\USER\\Downloads\\Computer Science\\CSC3003S 2025\\Capstone 2025\\project\\AI-CONTENT-DETECTOR\\frontend\\tests\\services\\api.test.js:19:1)\n    at Runtime._execModule (C:\\Users\\USER\\Downloads\\Computer Science\\CSC3003S 2025\\Capstone 2025\\project\\AI-CONTENT-DETECTOR\\frontend\\node_modules\\jest-runtime\\build\\index.js:1439:24)\n    at Runtime._loadModule (C:\\Users\\USER\\Downloads\\Computer Science\\CSC3003S 2025\\Capstone 2025\\project\\AI-CONTENT-DETECTOR\\frontend\\node_modules\\jest-runtime\\build\\index.js:1022:12)\n    at Runtime.requireModule (C:\\Users\\USER\\Downloads\\Computer Science\\CSC3003S 2025\\Capstone 2025\\project\\AI-CONTENT-DETECTOR\\frontend\\node_modules\\jest-runtime\\build\\index.js:882:12)\n    at jestAdapter (C:\\Users\\USER\\Downloads\\Computer Science\\CSC3003S 2025\\Capstone 2025\\project\\AI-CONTENT-DETECTOR\\frontend\\node_modules\\jest-circus\\build\\legacy-code-todo-rewrite\\jestAdapter.js:77:13)\n    at processTicksAndRejections (node:internal/process/task_queues:105:5)\n    at runTestInternal (C:\\Users\\USER\\Downloads\\Computer Science\\CSC3003S 2025\\Capstone 2025\\project\\AI-CONTENT-DETECTOR\\frontend\\node_modules\\jest-runner\\build\\runTest.js:367:16)\n    at runTest (C:\\Users\\USER\\Downloads\\Computer Science\\CSC3003S 2025\\Capstone 2025\\project\\AI-CONTENT-DETECTOR\\frontend\\node_modules\\jest-runner\\build\\runTest.js:444:34)\n    at Object.worker (C:\\Users\\USER\\Downloads\\Computer Science\\CSC3003S 2025\\Capstone 2025\\project\\AI-CONTENT-DETECTOR\\frontend\\node_modules\\jest-runner\\build\\testWorker.js:106:12)"],"fullName":"API Service analyzeText should return a successful response with simulated data","invocations":1,"location":null,"numPassingAsserts":7,"retryReasons":[],"status":"failed","title":"should return a successful response with simulated data"},{"ancestorTitles":["API Service","analyzeText"],"duration":5005,"failureDetails":[{"message":"thrown: \"Exceeded timeout of 5000 ms for a test.\nAdd a timeout value to this test to increase the timeout, if this is a long-running test. See https://jestjs.io/docs/api#testname-fn-timeout.\""}],"failureMessages":["Error: thrown: \"Exceeded timeout of 5000 ms for a test.\nAdd a timeout value to this test to increase the timeout, if 
[...]
","locations":[{"start":{"line":277,"column":24},"end":{"line":277,"column":38}},{"start":{"line":277,"column":42},"end":{"line":277,"column":59}}],"line":277},"27":{"loc":{"start":{"line":315,"column":31},"end":{"line":315,"column":45}},"type":"default-arg","locations":[{"start":{"line":315,"column":40},"end":{"line":315,"column":45}}],"line":315},"28":{"loc":{"start":{"line":316,"column":4},"end":{"line":319,"column":5}},"type":"if","locations":[{"start":{"line":316,"column":4},"end":{"line":319,"column":5}},{"start":{},"end":{}}],"line":316},"29":{"loc":{"start":{"line":325,"column":6},"end":{"line":327,"column":7}},"type":"if","locations":[{"start":{"line":325,"column":6},"end":{"line":327,"column":7}},{"start":{},"end":{}}],"line":325},"30":{"loc":{"start":{"line":326,"column":24},"end":{"line":326,"column":57}},"type":"binary-expr","locations":[{"start":{"line":326,"column":24},"end":{"line":326,"column":38}},{"start":{"line":326,"column":42},"end":{"line":326,"column":57}}],"line":326},"31":{"loc":{"start":{"line":358,"column":44},"end":{"line":358,"column":80}},"type":"cond-expr","locations":[{"start":{"line":358,"column":67},"end":{"line":358,"column":75}},{"start":{"line":358,"column":78},"end":{"line":358,"column":80}}],"line":358},"32":{"loc":{"start":{"line":362,"column":44},"end":{"line":362,"column":80}},"type":"cond-expr","locations":[{"start":{"line":362,"column":67},"end":{"line":362,"column":75}},{"start":{"line":362,"column":78},"end":{"line":362,"column":80}}],"line":362},"33":{"loc":{"start":{"line":369,"column":43},"end":{"line":369,"column":79}},"type":"cond-expr","locations":[{"start":{"line":369,"column":66},"end":{"line":369,"column":74}},{"start":{"line":369,"column":77},"end":{"line":369,"column":79}}],"line":369},"34":{"loc":{"start":{"line":379,"column":20},"end":{"line":386,"column":21}},"type":"if","locations":[{"start":{"line":379,"column":20},"end":{"line":386,"column":21}},{"start":{"line":382,"column":27},"end":{"line":386,"column":21}}],"line":379},"35":{"loc":{"start":{"line":382,"column":27},"end":{"line":386,"column":21}},"type":"if","locations":[{"start":{"line":382,"column":27},"end":{"line":386,"column":21}},{"start":{"line":384,"column":27},"end":{"line":386,"column":21}}],"line":382},"36":{"loc":{"start":{"line":391,"column":17},"end":{"line":404,"column":17}},"type":"binary-expr","locations":[{"start":{"line":391,"column":17},"end":{"line":391,"column":21}},{"start":{"line":392,"column":18},"end":{"line":403,"column":27}}],"line":391},"37":{"loc":{"start":{"line":407,"column":49},"end":{"line":407,"column":90}},"type":"cond-expr","locations":[{"start":{"line":407,"column":76},"end":{"line":407,"column":85}},{"start":{"line":407,"column":88},"end":{"line":407,"column":90}}],"line":407},"38":{"loc":{"start":{"line":410,"column":46},"end":{"line":410,"column":82}},"type":"cond-expr","locations":[{"start":{"line":410,"column":73},"end":{"line":410,"column":77}},{"start":{"line":410,"column":80},"end":{"line":410,"column":82}}],"line":410},"39":{"loc":{"start":{"line":413,"column":17},"end":{"line":413,"column":83}},"type":"binary-expr","locations":[{"start":{"line":413,"column":17},"end":{"line":413,"column":28}},{"start":{"line":413,"column":32},"end":{"line":413,"column":83}}],"line":413},"40":{"loc":{"start":{"line":418,"column":43},"end":{"line":418,"column":79}},"type":"cond-expr","locations":[{"start":{"line":418,"column":66},"end":{"line":418,"column":74}},{"start":{"line":418,"column":77},"end":{"line":418,"column":79}}],"line":418},"41":{"loc":{"start":{"line":420,"column":42},"end":{"line":420,"column":66}},"type":"cond-expr","locations":[{"start":{"line":420,"column":55},"end":{"line":420,"column":61}},{"start":{"line":420,"column":64},"end":{"line":420,"column":66}}],"line":420},"42":{"loc":{"start":{"line":433,"column":17},"end":{"line":435,"column":17}},"type":"binary-expr","locations":[{"start":{"line":433,"column":17},"end":{"line":433,"column":26}},{"start":{"line":434,"column":18},"end":{"line":434,"column":95}}],"line":433},"43":{"loc":{"start":{"line":437,"column":15},"end":{"line":445,"column":15}},"type":"binary-expr","locations":[{"start":{"line":437,"column":15},"end":{"line":437,"column":23}},{"start":{"line":438,"column":16},"end":{"line":444,"column":22}}],"line":437},"44":{"loc":{"start":{"line":451,"column":24},"end":{"line":451,"column":92}},"type":"binary-expr","locations":[{"start":{"line":451,"column":24},"end":{"line":451,"column":47}},{"start":{"line":451,"column":51},"end":{"line":451,"column":62}},{"start":{"line":451,"column":66},"end":{"line":451,"column":92}}],"line":451},"45":{"loc":{"start":{"line":454,"column":21},"end":{"line":454,"column":59}},"type":"cond-expr","locations":[{"start":{"line":454,"column":35},"end":{"line":454,"column":47}},{"start":{"line":454,"column":50},"end":{"line":454,"column":59}}],"line":454},"46":{"loc":{"start":{"line":455,"column":15},"end":{"line":455,"column":66}},"type":"binary-expr","locations":[{"start":{"line":455,"column":15},"end":{"line":455,"column":26}},{"start":{"line":455,"column":30},"end":{"line":455,"column":66}}],"line":455},"47":{"loc":{"start":{"line":457,"column":13},"end":{"line":459,"column":13}},"type":"binary-expr","locations":[{"start":{"line":457,"column":13},"end":{"line":457,"column":26}},{"start":{"line":458,"column":14},"end":{"line":458,"column":148}}],"line":457},"48":{"loc":{"start":{"line":458,"column":33},"end":{"line":458,"column":90}},"type":"cond-expr","locations":[{"start":{"line":458,"column":62},"end":{"line":458,"column":75}},{"start":{"line":458,"column":78},"end":{"line":458,"column":90}}],"line":458},"49":{"loc":{"start":{"line":464,"column":13},"end":{"line":516,"column":13}},"type":"cond-expr","locations":[{"start":{"line":465,"column":14},"end":{"line":470,"column":20}},{"start":{"line":472,"column":14},"end":{"line":515,"column":17}}],"line":464},"50":{"loc":{"start":{"line":484,"column":58},"end":{"line":484,"column":132}},"type":"cond-expr","locations":[{"start":{"line":484,"column":86},"end":{"line":484,"column":107}},{"start":{"line":484,"column":110},"end":{"line":484,"column":132}}],"line":484},"51":{"loc":{"start":{"line":522,"column":7},"end":{"line":529,"column":7}},"type":"binary-expr","locations":[{"start":{"line":522,"column":7},"end":{"line":522,"column":25}},{"start":{"line":523,"column":8},"end":{"line":528,"column":14}}],"line":522},"52":{"loc":{"start":{"line":532,"column":7},"end":{"line":598,"column":7}},"type":"binary-expr","locations":[{"start":{"line":532,"column":7},"end":{"line":532,"column":24}},{"start":{"line":533,"column":8},"end":{"line":597,"column":14}}],"line":532},"53":{"loc":{"start":{"line":590,"column":28},"end":{"line":590,"column":57}},"type":"binary-expr","locations":[{"start":{"line":590,"column":28},"end":{"line":590,"column":41}},{"start":{"line":590,"column":45},"end":{"line":590,"column":57}}],"line":590},"54":{"loc":{"start":{"line":592,"column":19},"end":{"line":592,"column":69}},"type":"cond-expr","locations":[{"start":{"line":592,"column":34},"end":{"line":592,"column":49}},{"start":{"line":592,"column":52},"end":{"line":592,"column":69}}],"line":592}},"s":{"0":37,"1":37,"2":37,"3":37,"4":37,"5":37,"6":37,"7":37,"8":37,"9":37,"10":37,"11":37,"12":37,"13":37,"14":37,"15":37,"16":37,"17":37,"18":37,"19":37,"20":37,"21":37,"22":1,"23":1,"24":0,"25":1,"26":1,"27":1,"28":1,"29":0,"30":1,"31":1,"32":1,"33":1,"34":1,"35":0,"36":0,"37":1,"38":37,"39":8,"40":8,"41":0,"42":0,"43":0,"44":8,"45":8,"46":8,"47":8,"48":37,"49":8,"50":8,"51":8,"52":8,"53":8,"54":0,"55":0,"56":0,"57":0,"58":0,"59":8,"60":8,"61":0,"62":37,"63":37,"64":37,"65":0,"66":0,"67":0,"68":0,"69":0,"70":0,"71":0,"72":0,"73":0,"74":0,"75":0,"76":0,"77":0,"78":0,"79":0,"80":0,"81":0,"82":0,"83":0,"84":0,"85":0,"86":0,"87":0,"88":0,"89":0,"90":0,"91":0,"92":0,"93":0,"94":0,"95":0,"96":0,"97":0,"98":0,"99":0,"100":0,"101":0,"102":0,"103":0,"104":0,"105":0,"106":0,"107":0,"108":0,"109":0,"110":0,"111":0,"112":0,"113":0,"114":0,"115":0,"116":0,"117":0,"118":0,"119":0,"120":0,"121":0,"122":0,"123":0,"124":0,"125":0,"126":0,"127":0,"128":0,"129":0,"130":0,"131":0,"132":0,"133":0,"134":0,"135":0,"136":0,"137":0,"138":0,"139":0,"140":0,"141":0,"142":0,"143":0,"144":0,"145":0,"146":0,"147":0,"148":0,"149":0,"150":0,"151":3,"152":0,"153":3,"154":0,"155":0,"156":3,"157":3,"158":3,"159":3,"160":3,"161":3,"162":0,"163":3,"164":3,"165":3,"166":3,"167":3,"168":3,"169":3,"170":3,"171":3,"172":0,"173":3,"174":3,"175":3,"176":0,"177":0,"178":3,"179":1,"180":0,"181":0,"182":1,"183":1,"184":1,"185":0,"186":1,"187":1,"188":0,"189":0,"190":37,"191":1,"192":0,"193":37,"194":1,"195":1,"196":6,"197":6,"198":0,"199":0,"200":6,"201":0,"202":6,"203":6,"204":0,"205":0,"206":0,"207":0,"208":0,"209":0,"210":12,"211":1,"212":1,"213":0,"214":24},"f":{"0":37,"1":1,"2":0,"3":8,"4":0,"5":0,"6":8,"7":8,"8":8,"9":8,"10":0,"11":0,"12":0,"13":0,"14":0,"15":0,"16":0,"17":0,"18":3,"19":3,"20":1,"21":1,"22":0,"23":1,"24":1,"25":6,"26":0,"27":0,"28":0,"29":12,"30":1,"31":1,"32":0,"33":24},"b":{"0":[0,1],"1":[1,1],"2":[1,0],"3":[0,1],"4":[0,0],"5":[0,8],"6":[0,0],"7":[0,0,0],"8":[37,22,0,0,0],"9":[0,0],"10":[0,0],"11":[0,0],"12":[0,0],"13":[0,0],"14":[0,0],"15":[0,0],"16":[0,0,0],"17":[0,0],"18":[0,0],"19":[0,0],"20":[0,0],"21":[0,0],"22":[0,0],"23":[0,3],"24":[0,3],"25":[0,3],"26":[0,0],"27":[0],"28":[0,1],"29":[0,1],"30":[0,0],"31":[35,2],"32":[2,35],"33":[35,2],"34":[0,6],"35":[0,6],"36":[37,26],"37":[22,15],"38":[22,15],"39":[37,0],"40":[2,35],"41":[0,37],"42":[37,0],"43":[37,0],"44":[37,22,19],"45":[3,34],"46":[37,3],"47":[37,14],"48":[0,14],"49":[26,11],"50":[11,0],"51":[37,1],"52":[37,4],"53":[4,3],"54":[1,3]},"_coverageSchema":"1a1c01bbd47fc00a2c39e90264f33305004495a9","hash":"f4e6515158374f6d0878b9d1990256c7b889b795"},"C:\\Users\\USER\\Downloads\\Computer Science\\CSC3003S 2025\\Capstone 2025\\project\\AI-CONTENT-DETECTOR\\frontend\\src\\services\\api.js":{"path":"C:\\Users\\USER\\Downloads\\Computer Science\\CSC3003S 2025\\Capstone 2025\\project\\AI-CONTENT-DETECTOR\\frontend\\src\\services\\api.js","statementMap":{"0":{"start":{"line":15,"column":29},"end":{"line":18,"column":1}},"1":{"start":{"line":16,"column":16},"end":{"line":16,"column":71}},"2":{"start":{"line":17,"column":2},"end":{"line":17,"column":60}},"3":{"start":{"line":17,"column":32},"end":{"line":17,"column":58}},"4":{"start":{"line":26,"column":27},"end":{"line":66,"column":1}},"5":{"start":{"line":27,"column":2},"end":{"line":65,"column":3}},"6":{"start":{"line":29,"column":4},"end":{"line":29,"column":33}},"7":{"start":{"line":39,"column":17},"end":{"line":39,"column":51}},"8":{"start":{"line":40,"column":17},"end":{"line":40,"column":33}},"9":{"start":{"line":41,"column":25},"end":{"line":41,"column":62}},"10":{"start":{"line":42,"column":20},"end":{"line":42,"column":50}},"11":{"start":{"line":43,"column":18},"end":{"line":43,"column":53}},"12":{"start":{"line":45,"column":4},"end":{"line":58,"column":6}},"13":{"start":{"line":60,"column":4},"end":{"line":60,"column":50}},"14":{"start":{"line":61,"column":4},"end":{"line":64,"column":6}},"15":{"start":{"line":74,"column":27},"end":{"line":107,"column":1}},"16":{"start":{"line":75,"column":2},"end":{"line":106,"column":3}},"17":{"start":{"line":77,"column":4},"end":{"line":77,"column":43}},"18":{"start":{"line":89,"column":24},"end":{"line":89,"column":55}},"19":{"start":{"line":90,"column":19},"end":{"line":90,"column":49}},"20":{"start":{"line":92,"column":4},"end":{"line":99,"column":6}},"21":{"start":{"line":101,"column":4},"end":{"line":101,"column":50}},"22":{"start":{"line":102,"column":4},"end":{"line":105,"column":6}},"23":{"start":{"line":118,"column":30},"end":{"line":143,"column":1}},"24":{"start":{"line":119,"column":2},"end":{"line":142,"column":3}},"25":{"start":{"line":121,"column":4},"end":{"line":121,"column":33}},"26":{"start":{"line":130,"column":4},"end":{"line":130,"column":49}},"27":{"start":{"line":132,"column":4},"end":{"line":135,"column":6}},"28":{"start":{"line":137,"column":4},"end":{"line":137,"column":55}},"29":{"start":{"line":138,"column":4},"end":{"line":141,"column":6}},"30":{"start":{"line":153,"column":25},"end":{"line":174,"column":1}},"31":{"start":{"line":154,"column":2},"end":{"line":173,"column":3}},"32":{"start":{"line":162,"column":4},"end":{"line":162,"column":43}},"33":{"start":{"line":164,"column":4},"end":{"line":166,"column":6}},"34":{"start":{"line":168,"column":4},"end":{"line":168,"column":49}},"35":{"start":{"line":170,"column":4},"end":{"line":172,"column":6}},"36":{"start":{"line":183,"column":28},"end":{"line":210,"column":1}},"37":{"start":{"line":184,"column":2},"end":{"line":209,"column":3}},"38":{"start":{"line":186,"column":4},"end":{"line":186,"column":43}},"39":{"start":{"line":195,"column":4},"end":{"line":195,"column":65}},"40":{"start":{"line":197,"column":4},"end":{"line":202,"column":6}},"41":{"start":{"line":204,"column":4},"end":{"line":204,"column":52}},"42":{"start":{"line":205,"column":4},"end":{"line":208,"column":6}},"43":{"start":{"line":214,"column":28},"end":{"line":235,"column":1}},"44":{"start":{"line":215,"column":2},"end":{"line":234,"column":3}},"45":{"start":{"line":217,"column":24},"end":{"line":217,"column":48}},"46":{"start":{"line":218,"column":17},"end":{"line":218,"column":61}},"47":{"start":{"line":219,"column":4},"end":{"line":219,"column":16}},"48":{"start":{"line":220,"column":9},"end":{"line":234,"column":3}},"49":{"start":{"line":222,"column":24},"end":{"line":222,"column":48}},"50":{"start":{"line":223,"column":17},"end":{"line":223,"column":61}},"51":{"start":{"line":224,"column":4},"end":{"line":224,"column":51}},"52":{"start":{"line":227,"column":4},"end":{"line":233,"column":7}},"53":{"start":{"line":228,"column":21},"end":{"line":228,"column":37}},"54":{"start":{"line":229,"column":6},"end":{"line":231,"column":8}},"55":{"start":{"line":230,"column":8},"end":{"line":230,"column":47}},"56":{"start":{"line":232,"column":6},"end":{"line":232,"column":30}},"57":{"start":{"line":238,"column":32},"end":{"line":265,"column":1}},"58":{"start":{"line":240,"column":20},"end":{"line":240,"column":84}},"59":{"start":{"line":243,"column":18},"end":{"line":243,"column":20}},"60":{"start":{"line":244,"column":2},"end":{"line":262,"column":3}},"61":{"start":{"line":246,"column":22},"end":{"line":246,"column":69}},"62":{"start":{"line":247,"column":20},"end":{"line":247,"column":29}},"63":{"start":{"line":249,"column":4},"end":{"line":252,"column":5}},"64":{"start":{"line":250,"column":18},"end":{"line":250,"column":62}},"65":{"start":{"line":251,"column":6},"end":{"line":251,"column":23}},"66":{"start":{"line":255,"column":4},"end":{"line":261,"column":7}},"67":{"start":{"line":256,"column":6},"end":{"line":260,"column":9}},"68":{"start":{"line":264,"column":2},"end":{"line":264,"column":17}},"69":{"start":{"line":268,"column":28},"end":{"line":279,"column":1}},"70":{"start":{"line":269,"column":18},"end":{"line":276,"column":3}},"71":{"start":{"line":278,"column":2},"end":{"line":278,"column":61}}},"fnMap":{"0":{"name":"(anonymous_0)","decl":{"start":{"line":15,"column":29},"end":{"line":15,"column":30}},"loc":{"start":{"line":15,"column":60},"end":{"line":18,"column":1}},"line":15},"1":{"name":"(anonymous_1)","decl":{"start":{"line":17,"column":21},"end":{"line":17,"column":22}},"loc":{"start":{"line":17,"column":32},"end":{"line":17,"column":58}},"line":17},"2":{"name":"(anonymous_2)","decl":{"start":{"line":26,"column":27},"end":{"line":26,"column":28}},"loc":{"start":{"line":26,"column":43},"end":{"line":66,"column":1}},"line":26},"3":{"name":"(anonymous_3)","decl":{"start":{"line":74,"column":27},"end":{"line":74,"column":28}},"loc":{"start":{"line":74,"column":43},"end":{"line":107,"column":1}},"line":74},"4":{"name":"(anonymous_4)","decl":{"start":{"line":118,"column":30},"end":{"line":118,"column":31}},"loc":{"start":{"line":118,"column":50},"end":{"line":143,"column":1}},"line":118},"5":{"name":"(anonymous_5)","decl":{"start":{"line":153,"column":25},"end":{"line":153,"column":26}},"loc":{"start":{"line":153,"column":50},"end":{"line":174,"column":1}},"line":153},"6":{"name":"(anonymous_6)","decl":{"start":{"line":183,"column":28},"end":{"line":183,"column":29}},"loc":{"start":{"line":183,"column":62},"end":{"line":210,"column":1}},"line":183},"7":{"name":"(anonymous_7)","decl":{"start":{"line":214,"column":28},"end":{"line":214,"column":29}},"loc":{"start":{"line":214,"column":44},"end":{"line":235,"column":1}},"line":214},"8":{"name":"(anonymous_8)","decl":{"start":{"line":227,"column":23},"end":{"line":227,"column":24}},"loc":{"start":{"line":227,"column":36},"end":{"line":233,"column":5}},"line":227},"9":{"name":"(anonymous_9)","decl":{"start":{"line":229,"column":22},"end":{"line":229,"column":23}},"loc":{"start":{"line":229,"column":29},"end":{"line":231,"column":7}},"line":229},"10":{"name":"(anonymous_10)","decl":{"start":{"line":238,"column":32},"end":{"line":238,"column":33}},"loc":{"start":{"line":238,"column":42},"end":{"line":265,"column":1}},"line":238},"11":{"name":"(anonymous_11)","decl":{"start":{"line":255,"column":25},"end":{"line":255,"column":26}},"loc":{"start":{"line":255,"column":32},"end":{"line":261,"column":5}},"line":255},"12":{"name":"(anonymous_12)","decl":{"start":{"line":268,"column":28},"end":{"line":268,"column":29}},"loc":{"start":{"line":268,"column":34},"end":{"line":279,"column":1}},"line":268}},"branchMap":{"0":{"loc":{"start":{"line":15,"column":30},"end":{"line":15,"column":41}},"type":"default-arg","locations":[{"start":{"line":15,"column":38},"end":{"line":15,"column":41}}],"line":15},"1":{"loc":{"start":{"line":15,"column":43},"end":{"line":15,"column":55}},"type":"default-arg","locations":[{"start":{"line":15,"column":51},"end":{"line":15,"column":55}}],"line":15},"2":{"loc":{"start":{"line":153,"column":32},"end":{"line":153,"column":45}},"type":"default-arg","locations":[{"start":{"line":153,"column":43},"end":{"line":153,"column":45}}],"line":153},"3":{"loc":{"start":{"line":183,"column":43},"end":{"line":183,"column":57}},"type":"default-arg","locations":[{"start":{"line":183,"column":52},"end":{"line":183,"column":57}}],"line":183},"4":{"loc":{"start":{"line":215,"column":2},"end":{"line":234,"column":3}},"type":"if","locations":[{"start":{"line":215,"column":2},"end":{"line":234,"column":3}},{"start":{"line":220,"column":9},"end":{"line":234,"column":3}}],"line":215},"5":{"loc":{"start":{"line":220,"column":9},"end":{"line":234,"column":3}},"type":"if","locations":[{"start":{"line":220,"column":9},"end":{"line":234,"column":3}},{"start":{"line":225,"column":9},"end":{"line":234,"column":3}}],"line":220},"6":{"loc":{"start":{"line":230,"column":23},"end":{"line":230,"column":44}},"type":"binary-expr","locations":[{"start":{"line":230,"column":23},"end":{"line":230,"column":38}},{"start":{"line":230,"column":42},"end":{"line":230,"column":44}}],"line":230},"7":{"loc":{"start":{"line":244,"column":2},"end":{"line":262,"column":3}},"type":"if","locations":[{"start":{"line":244,"column":2},"end":{"line":262,"column":3}},{"start":{},"end":{}}],"line":244}},"s":{"0":1,"1":11,"2":11,"3":11,"4":1,"5":4,"6":4,"7":4,"8":4,"9":4,"10":4,"11":4,"12":4,"13":0,"14":0,"15":1,"16":2,"17":2,"18":2,"19":1,"20":1,"21":1,"22":1,"23":1,"24":2,"25":2,"26":2,"27":2,"28":0,"29":0,"30":1,"31":2,"32":2,"33":2,"34":0,"35":0,"36":1,"37":3,"38":3,"39":3,"40":3,"41":0,"42":0,"43":1,"44":2,"45":0,"46":0,"47":0,"48":1,"49":0,"50":0,"51":0,"52":1,"53":1,"54":1,"55":1,"56":1,"57":1,"58":4,"59":4,"60":4,"61":0,"62":0,"63":0,"64":0,"65":0,"66":0,"67":0,"68":4,"69":1,"70":0,"71":0},"f":{"0":11,"1":11,"2":4,"3":2,"4":2,"5":2,"6":3,"7":2,"8":1,"9":1,"10":4,"11":0,"12":0},"b":{"0":[6],"1":[6],"2":[1],"3":[0],"4":[0,1],"5":[0,1],"6":[1,0],"7":[0,4]},"_coverageSchema":"1a1c01bbd47fc00a2c39e90264f33305004495a9","hash":"430c71d6c8c9ca73ca0470499c2dfb780f66c90f"}}}
