{"numFailedTestSuites":0,"numFailedTests":0,"numPassedTestSuites":2,"numPassedTests":20,"numPendingTestSuites":0,"numPendingTests":0,"numRuntimeErrorTestSuites":0,"numTodoTests":0,"numTotalTestSuites":2,"numTotalTests":20,"openHandles":[],"snapshot":{"added":0,"didUpdate":false,"failure":false,"filesAdded":0,"filesRemoved":0,"filesRemovedList":[],"filesUnmatched":0,"filesUpdated":0,"matched":0,"total":0,"unchecked":0,"uncheckedKeysByFile":[],"unmatched":0,"updated":0},"startTime":1757597685649,"success":true,"testResults":[{"assertionResults":[{"ancestorTitles":["API Service","analyzeText"],"duration":18,"failureDetails":[],"failureMessages":[],"fullName":"API Service analyzeText should return a successful response with simulated data","invocations":1,"location":null,"numPassingAsserts":7,"retryReasons":[],"status":"passed","title":"should return a successful response with simulated data"},{"ancestorTitles":["API Service","analyzeText"],"duration":1,"failureDetails":[],"failureMessages":[],"fullName":"API Service analyzeText should handle empty text input","invocations":1,"location":null,"numPassingAsserts":2,"retryReasons":[],"status":"passed","title":"should handle empty text input"},{"ancestorTitles":["API Service","analyzeText"],"duration":1,"failureDetails":[],"failureMessages":[],"fullName":"API Service analyzeText should simulate network delay","invocations":1,"location":null,"numPassingAsserts":1,"retryReasons":[],"status":"passed","title":"should simulate network delay"},{"ancestorTitles":["API Service","analyzeFile"],"duration":16,"failureDetails":[],"failureMessages":[],"fullName":"API Service analyzeFile should return a successful response with simulated data for a text file","invocations":1,"location":null,"numPassingAsserts":4,"retryReasons":[],"status":"passed","title":"should return a successful response with simulated data for a text file"},{"ancestorTitles":["API Service","analyzeFile"],"duration":1,"failureDetails":[],"failureMessages":[],"fullName":"API Service analyzeFile should handle null file input","invocations":1,"location":null,"numPassingAsserts":2,"retryReasons":[],"status":"passed","title":"should handle null file input"},{"ancestorTitles":["API Service","submitFeedback"],"duration":4,"failureDetails":[],"failureMessages":[],"fullName":"API Service submitFeedback should return a successful response for valid feedback","invocations":1,"location":null,"numPassingAsserts":1,"retryReasons":[],"status":"passed","title":"should return a successful response for valid feedback"},{"ancestorTitles":["API Service","submitFeedback"],"duration":1,"failureDetails":[],"failureMessages":[],"fullName":"API Service submitFeedback should handle missing feedback type","invocations":1,"location":null,"numPassingAsserts":2,"retryReasons":[],"status":"passed","title":"should handle missing feedback type"},{"ancestorTitles":["API Service","trackScan"],"duration":2,"failureDetails":[],"failureMessages":[],"fullName":"API Service trackScan should return a successful response for tracking with metadata","invocations":1,"location":null,"numPassingAsserts":1,"retryReasons":[],"status":"passed","title":"should return a successful response for tracking with metadata"},{"ancestorTitles":["API Service","trackScan"],"duration":2,"failureDetails":[],"failureMessages":[],"fullName":"API Service trackScan should return a successful response for tracking without metadata","invocations":1,"location":null,"numPassingAsserts":1,"retryReasons":[],"status":"passed","title":"should return a successful response for tracking without metadata"},{"ancestorTitles":["API Service","exportReport"],"duration":1,"failureDetails":[],"failureMessages":[],"fullName":"API Service exportReport should return a successful response for PDF export","invocations":1,"location":null,"numPassingAsserts":3,"retryReasons":[],"status":"passed","title":"should return a successful response for PDF export"},{"ancestorTitles":["API Service","exportReport"],"duration":1,"failureDetails":[],"failureMessages":[],"fullName":"API Service exportReport should handle missing result data","invocations":1,"location":null,"numPassingAsserts":2,"retryReasons":[],"status":"passed","title":"should handle missing result data"},{"ancestorTitles":["API Service","exportReport"],"duration":1,"failureDetails":[],"failureMessages":[],"fullName":"API Service exportReport should support different export formats","invocations":1,"location":null,"numPassingAsserts":2,"retryReasons":[],"status":"passed","title":"should support different export formats"}],"endTime":1757597689000,"message":"","name":"C:\\Users\\USER\\Downloads\\Computer Science\\CSC3003S 2025\\Capstone 2025\\project\\AI-CONTENT-DETECTOR\\frontend\\tests\\services\\api.test.js","startTime":1757597687047,"status":"passed","summary":""},{"assertionResults":[{"ancestorTitles":["ContentDetectPage Component"],"duration":96,"failureDetails":[],"failureMessages":[],"fullName":"ContentDetectPage Component renders the component with initial state","invocations":1,"location":null,"numPassingAsserts":5,"retryReasons":[],"status":"passed","title":"renders the component with initial state"},{"ancestorTitles":["ContentDetectPage Component"],"duration":1,"failureDetails":[],"failureMessages":[],"fullName":"ContentDetectPage Component handles text input and character count","invocations":1,"location":null,"numPassingAsserts":1,"retryReasons":[],"status":"passed","title":"handles text input and character count"},{"ancestorTitles":["ContentDetectPage Component"],"duration":30,"failureDetails":[],"failureMessages":[],"fullName":"ContentDetectPage Component disables analyze button when text is too short","invocations":1,"location":null,"numPassingAsserts":2,"retryReasons":[],"status":"passed","title":"disables analyze button when text is too short"},{"ancestorTitles":["ContentDetectPage Component"],"duration":15,"failureDetails":[],"failureMessages":[],"fullName":"ContentDetectPage Component enables analyze button when text meets minimum length","invocations":1,"location":null,"numPassingAsserts":1,"retryReasons":[],"status":"passed","title":"enables analyze button when text meets minimum length"},{"ancestorTitles":["ContentDetectPage Component"],"duration":0,"failureDetails":[],"failureMessages":[],"fullName":"ContentDetectPage Component analyzes text and displays results","invocations":1,"location":null,"numPassingAsserts":1,"retryReasons":[],"status":"passed","title":"analyzes text and displays results"},{"ancestorTitles":["ContentDetectPage Component"],"duration":85,"failureDetails":[],"failureMessages":[],"fullName":"ContentDetectPage Component switches between text and file tabs","invocations":1,"location":null,"numPassingAsserts":3,"retryReasons":[],"status":"passed","title":"switches between text and file tabs"},{"ancestorTitles":["ContentDetectPage Component"],"duration":0,"failureDetails":[],"failureMessages":[],"fullName":"ContentDetectPage Component opens and submits feedback","invocations":1,"location":null,"numPassingAsserts":1,"retryReasons":[],"status":"passed","title":"opens and submits feedback"},{"ancestorTitles":["ContentDetectPage Component"],"duration":103,"failureDetails":[],"failureMessages":[],"fullName":"ContentDetectPage Component exports report","invocations":1,"location":null,"numPassingAsserts":2,"retryReasons":[],"status":"passed","title":"exports report"}],"endTime":1757597689254,"message":"","name":"C:\\Users\\USER\\Downloads\\Computer Science\\CSC3003S 2025\\Capstone 2025\\project\\AI-CONTENT-DETECTOR\\frontend\\tests\\pages\\contentDetectPage.test.jsx","startTime":1757597687020,"status":"passed","summary":""}],"wasInterrupted":false,"coverageMap":{"C:\\Users\\USER\\Downloads\\Computer Science\\CSC3003S 2025\\Capstone 2025\\project\\AI-CONTENT-DETECTOR\\frontend\\src\\services\\api.js":{"path":"C:\\Users\\USER\\Downloads\\Computer Science\\CSC3003S 2025\\Capstone 2025\\project\\AI-CONTENT-DETECTOR\\frontend\\src\\services\\api.js","statementMap":{"0":{"start":{"line":15,"column":29},"end":{"line":23,"column":1}},"1":{"start":{"line":17,"column":2},"end":{"line":19,"column":3}},"2":{"start":{"line":18,"column":4},"end":{"line":18,"column":29}},"3":{"start":{"line":21,"column":16},"end":{"line":21,"column":71}},"4":{"start":{"line":22,"column":2},"end":{"line":22,"column":60}},"5":{"start":{"line":22,"column":32},"end":{"line":22,"column":58}},"6":{"start":{"line":31,"column":27},"end":{"line":80,"column":1}},"7":{"start":{"line":32,"column":2},"end":{"line":79,"column":3}},"8":{"start":{"line":34,"column":4},"end":{"line":39,"column":5}},"9":{"start":{"line":35,"column":6},"end":{"line":38,"column":8}},"10":{"start":{"line":42,"column":4},"end":{"line":42,"column":33}},"11":{"start":{"line":52,"column":17},"end":{"line":52,"column":51}},"12":{"start":{"line":53,"column":17},"end":{"line":53,"column":33}},"13":{"start":{"line":54,"column":25},"end":{"line":54,"column":62}},"14":{"start":{"line":55,"column":20},"end":{"line":55,"column":50}},"15":{"start":{"line":56,"column":18},"end":{"line":56,"column":53}},"16":{"start":{"line":58,"column":4},"end":{"line":72,"column":6}},"17":{"start":{"line":74,"column":4},"end":{"line":74,"column":50}},"18":{"start":{"line":75,"column":4},"end":{"line":78,"column":6}},"19":{"start":{"line":88,"column":27},"end":{"line":129,"column":1}},"20":{"start":{"line":89,"column":2},"end":{"line":128,"column":3}},"21":{"start":{"line":91,"column":4},"end":{"line":96,"column":5}},"22":{"start":{"line":92,"column":6},"end":{"line":95,"column":8}},"23":{"start":{"line":99,"column":4},"end":{"line":99,"column":43}},"24":{"start":{"line":111,"column":24},"end":{"line":111,"column":55}},"25":{"start":{"line":112,"column":19},"end":{"line":112,"column":49}},"26":{"start":{"line":114,"column":4},"end":{"line":121,"column":6}},"27":{"start":{"line":123,"column":4},"end":{"line":123,"column":50}},"28":{"start":{"line":124,"column":4},"end":{"line":127,"column":6}},"29":{"start":{"line":140,"column":30},"end":{"line":173,"column":1}},"30":{"start":{"line":141,"column":2},"end":{"line":172,"column":3}},"31":{"start":{"line":143,"column":4},"end":{"line":148,"column":5}},"32":{"start":{"line":144,"column":6},"end":{"line":147,"column":8}},"33":{"start":{"line":151,"column":4},"end":{"line":151,"column":33}},"34":{"start":{"line":160,"column":4},"end":{"line":160,"column":49}},"35":{"start":{"line":162,"column":4},"end":{"line":165,"column":6}},"36":{"start":{"line":167,"column":4},"end":{"line":167,"column":55}},"37":{"start":{"line":168,"column":4},"end":{"line":171,"column":6}},"38":{"start":{"line":183,"column":25},"end":{"line":204,"column":1}},"39":{"start":{"line":184,"column":2},"end":{"line":203,"column":3}},"40":{"start":{"line":192,"column":4},"end":{"line":192,"column":43}},"41":{"start":{"line":194,"column":4},"end":{"line":196,"column":6}},"42":{"start":{"line":198,"column":4},"end":{"line":198,"column":49}},"43":{"start":{"line":200,"column":4},"end":{"line":202,"column":6}},"44":{"start":{"line":213,"column":28},"end":{"line":250,"column":1}},"45":{"start":{"line":214,"column":2},"end":{"line":249,"column":3}},"46":{"start":{"line":216,"column":4},"end":{"line":221,"column":5}},"47":{"start":{"line":217,"column":6},"end":{"line":220,"column":8}},"48":{"start":{"line":224,"column":4},"end":{"line":224,"column":43}},"49":{"start":{"line":233,"column":4},"end":{"line":233,"column":65}},"50":{"start":{"line":235,"column":4},"end":{"line":242,"column":6}},"51":{"start":{"line":244,"column":4},"end":{"line":244,"column":52}},"52":{"start":{"line":245,"column":4},"end":{"line":248,"column":6}},"53":{"start":{"line":254,"column":28},"end":{"line":275,"column":1}},"54":{"start":{"line":255,"column":2},"end":{"line":274,"column":3}},"55":{"start":{"line":257,"column":24},"end":{"line":257,"column":48}},"56":{"start":{"line":258,"column":17},"end":{"line":258,"column":61}},"57":{"start":{"line":259,"column":4},"end":{"line":259,"column":16}},"58":{"start":{"line":260,"column":9},"end":{"line":274,"column":3}},"59":{"start":{"line":262,"column":24},"end":{"line":262,"column":48}},"60":{"start":{"line":263,"column":17},"end":{"line":263,"column":61}},"61":{"start":{"line":264,"column":4},"end":{"line":264,"column":51}},"62":{"start":{"line":267,"column":4},"end":{"line":273,"column":7}},"63":{"start":{"line":268,"column":21},"end":{"line":268,"column":37}},"64":{"start":{"line":269,"column":6},"end":{"line":271,"column":8}},"65":{"start":{"line":270,"column":8},"end":{"line":270,"column":47}},"66":{"start":{"line":272,"column":6},"end":{"line":272,"column":30}},"67":{"start":{"line":278,"column":32},"end":{"line":305,"column":1}},"68":{"start":{"line":280,"column":20},"end":{"line":280,"column":84}},"69":{"start":{"line":283,"column":18},"end":{"line":283,"column":20}},"70":{"start":{"line":284,"column":2},"end":{"line":302,"column":3}},"71":{"start":{"line":286,"column":22},"end":{"line":286,"column":69}},"72":{"start":{"line":287,"column":20},"end":{"line":287,"column":29}},"73":{"start":{"line":289,"column":4},"end":{"line":292,"column":5}},"74":{"start":{"line":290,"column":18},"end":{"line":290,"column":62}},"75":{"start":{"line":291,"column":6},"end":{"line":291,"column":23}},"76":{"start":{"line":295,"column":4},"end":{"line":301,"column":7}},"77":{"start":{"line":296,"column":6},"end":{"line":300,"column":9}},"78":{"start":{"line":304,"column":2},"end":{"line":304,"column":17}},"79":{"start":{"line":308,"column":28},"end":{"line":319,"column":1}},"80":{"start":{"line":309,"column":18},"end":{"line":316,"column":3}},"81":{"start":{"line":318,"column":2},"end":{"line":318,"column":61}}},"fnMap":{"0":{"name":"(anonymous_0)","decl":{"start":{"line":15,"column":29},"end":{"line":15,"column":30}},"loc":{"start":{"line":15,"column":60},"end":{"line":23,"column":1}},"line":15},"1":{"name":"(anonymous_1)","decl":{"start":{"line":22,"column":21},"end":{"line":22,"column":22}},"loc":{"start":{"line":22,"column":32},"end":{"line":22,"column":58}},"line":22},"2":{"name":"(anonymous_2)","decl":{"start":{"line":31,"column":27},"end":{"line":31,"column":28}},"loc":{"start":{"line":31,"column":43},"end":{"line":80,"column":1}},"line":31},"3":{"name":"(anonymous_3)","decl":{"start":{"line":88,"column":27},"end":{"line":88,"column":28}},"loc":{"start":{"line":88,"column":43},"end":{"line":129,"column":1}},"line":88},"4":{"name":"(anonymous_4)","decl":{"start":{"line":140,"column":30},"end":{"line":140,"column":31}},"loc":{"start":{"line":140,"column":50},"end":{"line":173,"column":1}},"line":140},"5":{"name":"(anonymous_5)","decl":{"start":{"line":183,"column":25},"end":{"line":183,"column":26}},"loc":{"start":{"line":183,"column":50},"end":{"line":204,"column":1}},"line":183},"6":{"name":"(anonymous_6)","decl":{"start":{"line":213,"column":28},"end":{"line":213,"column":29}},"loc":{"start":{"line":213,"column":62},"end":{"line":250,"column":1}},"line":213},"7":{"name":"(anonymous_7)","decl":{"start":{"line":254,"column":28},"end":{"line":254,"column":29}},"loc":{"start":{"line":254,"column":44},"end":{"line":275,"column":1}},"line":254},"8":{"name":"(anonymous_8)","decl":{"start":{"line":267,"column":23},"end":{"line":267,"column":24}},"loc":{"start":{"line":267,"column":36},"end":{"line":273,"column":5}},"line":267},"9":{"name":"(anonymous_9)","decl":{"start":{"line":269,"column":22},"end":{"line":269,"column":23}},"loc":{"start":{"line":269,"column":29},"end":{"line":271,"column":7}},"line":269},"10":{"name":"(anonymous_10)","decl":{"start":{"line":278,"column":32},"end":{"line":278,"column":33}},"loc":{"start":{"line":278,"column":42},"end":{"line":305,"column":1}},"line":278},"11":{"name":"(anonymous_11)","decl":{"start":{"line":295,"column":25},"end":{"line":295,"column":26}},"loc":{"start":{"line":295,"column":32},"end":{"line":301,"column":5}},"line":295},"12":{"name":"(anonymous_12)","decl":{"start":{"line":308,"column":28},"end":{"line":308,"column":29}},"loc":{"start":{"line":308,"column":34},"end":{"line":319,"column":1}},"line":308}},"branchMap":{"0":{"loc":{"start":{"line":15,"column":30},"end":{"line":15,"column":41}},"type":"default-arg","locations":[{"start":{"line":15,"column":38},"end":{"line":15,"column":41}}],"line":15},"1":{"loc":{"start":{"line":15,"column":43},"end":{"line":15,"column":55}},"type":"default-arg","locations":[{"start":{"line":15,"column":51},"end":{"line":15,"column":55}}],"line":15},"2":{"loc":{"start":{"line":17,"column":2},"end":{"line":19,"column":3}},"type":"if","locations":[{"start":{"line":17,"column":2},"end":{"line":19,"column":3}},{"start":{},"end":{}}],"line":17},"3":{"loc":{"start":{"line":34,"column":4},"end":{"line":39,"column":5}},"type":"if","locations":[{"start":{"line":34,"column":4},"end":{"line":39,"column":5}},{"start":{},"end":{}}],"line":34},"4":{"loc":{"start":{"line":34,"column":8},"end":{"line":34,"column":41}},"type":"binary-expr","locations":[{"start":{"line":34,"column":8},"end":{"line":34,"column":13}},{"start":{"line":34,"column":17},"end":{"line":34,"column":41}}],"line":34},"5":{"loc":{"start":{"line":91,"column":4},"end":{"line":96,"column":5}},"type":"if","locations":[{"start":{"line":91,"column":4},"end":{"line":96,"column":5}},{"start":{},"end":{}}],"line":91},"6":{"loc":{"start":{"line":143,"column":4},"end":{"line":148,"column":5}},"type":"if","locations":[{"start":{"line":143,"column":4},"end":{"line":148,"column":5}},{"start":{},"end":{}}],"line":143},"7":{"loc":{"start":{"line":143,"column":8},"end":{"line":143,"column":35}},"type":"binary-expr","locations":[{"start":{"line":143,"column":8},"end":{"line":143,"column":17}},{"start":{"line":143,"column":21},"end":{"line":143,"column":35}}],"line":143},"8":{"loc":{"start":{"line":183,"column":32},"end":{"line":183,"column":45}},"type":"default-arg","locations":[{"start":{"line":183,"column":43},"end":{"line":183,"column":45}}],"line":183},"9":{"loc":{"start":{"line":213,"column":43},"end":{"line":213,"column":57}},"type":"default-arg","locations":[{"start":{"line":213,"column":52},"end":{"line":213,"column":57}}],"line":213},"10":{"loc":{"start":{"line":216,"column":4},"end":{"line":221,"column":5}},"type":"if","locations":[{"start":{"line":216,"column":4},"end":{"line":221,"column":5}},{"start":{},"end":{}}],"line":216},"11":{"loc":{"start":{"line":255,"column":2},"end":{"line":274,"column":3}},"type":"if","locations":[{"start":{"line":255,"column":2},"end":{"line":274,"column":3}},{"start":{"line":260,"column":9},"end":{"line":274,"column":3}}],"line":255},"12":{"loc":{"start":{"line":260,"column":9},"end":{"line":274,"column":3}},"type":"if","locations":[{"start":{"line":260,"column":9},"end":{"line":274,"column":3}},{"start":{"line":265,"column":9},"end":{"line":274,"column":3}}],"line":260},"13":{"loc":{"start":{"line":270,"column":23},"end":{"line":270,"column":44}},"type":"binary-expr","locations":[{"start":{"line":270,"column":23},"end":{"line":270,"column":38}},{"start":{"line":270,"column":42},"end":{"line":270,"column":44}}],"line":270},"14":{"loc":{"start":{"line":284,"column":2},"end":{"line":302,"column":3}},"type":"if","locations":[{"start":{"line":284,"column":2},"end":{"line":302,"column":3}},{"start":{},"end":{}}],"line":284}},"s":{"0":1,"1":7,"2":7,"3":0,"4":0,"5":0,"6":1,"7":4,"8":4,"9":1,"10":3,"11":3,"12":3,"13":3,"14":3,"15":3,"16":3,"17":0,"18":0,"19":1,"20":2,"21":2,"22":1,"23":1,"24":1,"25":1,"26":1,"27":0,"28":0,"29":1,"30":2,"31":2,"32":1,"33":1,"34":1,"35":1,"36":0,"37":0,"38":1,"39":2,"40":2,"41":2,"42":0,"43":0,"44":1,"45":3,"46":3,"47":1,"48":2,"49":2,"50":2,"51":0,"52":0,"53":1,"54":1,"55":0,"56":0,"57":0,"58":1,"59":0,"60":0,"61":0,"62":1,"63":1,"64":1,"65":1,"66":1,"67":1,"68":3,"69":3,"70":3,"71":0,"72":0,"73":0,"74":0,"75":0,"76":0,"77":0,"78":3,"79":1,"80":0,"81":0},"f":{"0":7,"1":0,"2":4,"3":2,"4":2,"5":2,"6":3,"7":1,"8":1,"9":1,"10":3,"11":0,"12":0},"b":{"0":[4],"1":[4],"2":[7,0],"3":[1,3],"4":[4,3],"5":[1,1],"6":[1,1],"7":[2,2],"8":[1],"9":[0],"10":[1,2],"11":[0,1],"12":[0,1],"13":[1,0],"14":[0,3]},"_coverageSchema":"1a1c01bbd47fc00a2c39e90264f33305004495a9","hash":"2f996120b66e37d2fe5bd8e5a15d1d1d5c26129e"},"C:\\Users\\USER\\Downloads\\Computer Science\\CSC3003S 2025\\Capstone 2025\\project\\AI-CONTENT-DETECTOR\\frontend\\src\\pages\\contentDetectPage.jsx":{"path":"C:\\Users\\USER\\Downloads\\Computer Science\\CSC3003S 2025\\Capstone 2025\\project\\AI-CONTENT-DETECTOR\\frontend\\src\\pages\\contentDetectPage.jsx","statementMap":{"0":{"start":{"line":11,"column":36},"end":{"line":11,"column":52}},"1":{"start":{"line":12,"column":26},"end":{"line":12,"column":38}},"2":{"start":{"line":13,"column":20},"end":{"line":13,"column":23}},"3":{"start":{"line":14,"column":20},"end":{"line":14,"column":24}},"4":{"start":{"line":15,"column":40},"end":{"line":15,"column":52}},"5":{"start":{"line":16,"column":40},"end":{"line":16,"column":55}},"6":{"start":{"line":17,"column":30},"end":{"line":17,"column":44}},"7":{"start":{"line":18,"column":42},"end":{"line":18,"column":56}},"8":{"start":{"line":19,"column":38},"end":{"line":19,"column":53}},"9":{"start":{"line":20,"column":34},"end":{"line":20,"column":46}},"10":{"start":{"line":21,"column":36},"end":{"line":21,"column":48}},"11":{"start":{"line":22,"column":23},"end":{"line":22,"column":35}},"12":{"start":{"line":25,"column":22},"end":{"line":25,"column":25}},"13":{"start":{"line":26,"column":22},"end":{"line":26,"column":42}},"14":{"start":{"line":27,"column":48},"end":{"line":27,"column":59}},"15":{"start":{"line":28,"column":44},"end":{"line":28,"column":56}},"16":{"start":{"line":31,"column":52},"end":{"line":31,"column":67}},"17":{"start":{"line":32,"column":42},"end":{"line":32,"column":54}},"18":{"start":{"line":33,"column":48},"end":{"line":33,"column":60}},"19":{"start":{"line":34,"column":42},"end":{"line":34,"column":57}},"20":{"start":{"line":35,"column":54},"end":{"line":35,"column":69}},"21":{"start":{"line":37,"column":31},"end":{"line":69,"column":3}},"22":{"start":{"line":38,"column":4},"end":{"line":38,"column":23}},"23":{"start":{"line":39,"column":4},"end":{"line":39,"column":46}},"24":{"start":{"line":39,"column":39},"end":{"line":39,"column":46}},"25":{"start":{"line":41,"column":4},"end":{"line":41,"column":26}},"26":{"start":{"line":43,"column":4},"end":{"line":68,"column":5}},"27":{"start":{"line":45,"column":23},"end":{"line":49,"column":8}},"28":{"start":{"line":51,"column":6},"end":{"line":53,"column":7}},"29":{"start":{"line":52,"column":8},"end":{"line":52,"column":68}},"30":{"start":{"line":55,"column":6},"end":{"line":55,"column":26}},"31":{"start":{"line":56,"column":6},"end":{"line":56,"column":29}},"32":{"start":{"line":57,"column":6},"end":{"line":57,"column":34}},"33":{"start":{"line":58,"column":6},"end":{"line":58,"column":34}},"34":{"start":{"line":61,"column":6},"end":{"line":63,"column":15}},"35":{"start":{"line":62,"column":8},"end":{"line":62,"column":37}},"36":{"start":{"line":65,"column":6},"end":{"line":65,"column":57}},"37":{"start":{"line":67,"column":6},"end":{"line":67,"column":29}},"38":{"start":{"line":72,"column":2},"end":{"line":79,"column":8}},"39":{"start":{"line":73,"column":16},"end":{"line":73,"column":58}},"40":{"start":{"line":74,"column":15},"end":{"line":76,"column":27}},"41":{"start":{"line":75,"column":6},"end":{"line":75,"column":84}},"42":{"start":{"line":75,"column":31},"end":{"line":75,"column":81}},"43":{"start":{"line":75,"column":53},"end":{"line":75,"column":81}},"44":{"start":{"line":77,"column":4},"end":{"line":77,"column":39}},"45":{"start":{"line":77,"column":24},"end":{"line":77,"column":38}},"46":{"start":{"line":78,"column":4},"end":{"line":78,"column":32}},"47":{"start":{"line":78,"column":17},"end":{"line":78,"column":32}},"48":{"start":{"line":82,"column":2},"end":{"line":103,"column":8}},"49":{"start":{"line":83,"column":31},"end":{"line":83,"column":75}},"50":{"start":{"line":84,"column":4},"end":{"line":102,"column":5}},"51":{"start":{"line":85,"column":18},"end":{"line":85,"column":51}},"52":{"start":{"line":86,"column":20},"end":{"line":86,"column":35}},"53":{"start":{"line":87,"column":6},"end":{"line":98,"column":7}},"54":{"start":{"line":88,"column":21},"end":{"line":88,"column":36}},"55":{"start":{"line":89,"column":8},"end":{"line":94,"column":9}},"56":{"start":{"line":90,"column":10},"end":{"line":90,"column":83}},"57":{"start":{"line":92,"column":10},"end":{"line":92,"column":85}},"58":{"start":{"line":93,"column":10},"end":{"line":93,"column":31}},"59":{"start":{"line":96,"column":8},"end":{"line":96,"column":83}},"60":{"start":{"line":97,"column":8},"end":{"line":97,"column":29}},"61":{"start":{"line":101,"column":6},"end":{"line":101,"column":27}},"62":{"start":{"line":106,"column":22},"end":{"line":106,"column":33}},"63":{"start":{"line":107,"column":23},"end":{"line":108,"column":78}},"64":{"start":{"line":109,"column":31},"end":{"line":109,"column":73}},"65":{"start":{"line":112,"column":26},"end":{"line":112,"column":55}},"66":{"start":{"line":117,"column":4},"end":{"line":117,"column":27}},"67":{"start":{"line":117,"column":15},"end":{"line":117,"column":27}},"68":{"start":{"line":119,"column":4},"end":{"line":119,"column":25}},"69":{"start":{"line":120,"column":4},"end":{"line":120,"column":20}},"70":{"start":{"line":121,"column":22},"end":{"line":121,"column":39}},"71":{"start":{"line":123,"column":4},"end":{"line":148,"column":5}},"72":{"start":{"line":125,"column":23},"end":{"line":125,"column":46}},"73":{"start":{"line":127,"column":6},"end":{"line":129,"column":7}},"74":{"start":{"line":128,"column":8},"end":{"line":128,"column":66}},"75":{"start":{"line":131,"column":22},"end":{"line":131,"column":73}},"76":{"start":{"line":132,"column":6},"end":{"line":132,"column":37}},"77":{"start":{"line":135,"column":6},"end":{"line":139,"column":9}},"78":{"start":{"line":141,"column":6},"end":{"line":141,"column":27}},"79":{"start":{"line":143,"column":6},"end":{"line":143,"column":51}},"80":{"start":{"line":144,"column":6},"end":{"line":144,"column":82}},"81":{"start":{"line":145,"column":6},"end":{"line":145,"column":18}},"82":{"start":{"line":147,"column":6},"end":{"line":147,"column":28}},"83":{"start":{"line":152,"column":4},"end":{"line":152,"column":21}},"84":{"start":{"line":152,"column":15},"end":{"line":152,"column":21}},"85":{"start":{"line":154,"column":17},"end":{"line":154,"column":32}},"86":{"start":{"line":155,"column":18},"end":{"line":155,"column":36}},"87":{"start":{"line":158,"column":4},"end":{"line":163,"column":5}},"88":{"start":{"line":159,"column":6},"end":{"line":159,"column":21}},"89":{"start":{"line":160,"column":6},"end":{"line":160,"column":17}},"90":{"start":{"line":161,"column":6},"end":{"line":161,"column":59}},"91":{"start":{"line":162,"column":6},"end":{"line":162,"column":12}},"92":{"start":{"line":166,"column":18},"end":{"line":166,"column":40}},"93":{"start":{"line":167,"column":19},"end":{"line":167,"column":42}},"94":{"start":{"line":168,"column":18},"end":{"line":168,"column":40}},"95":{"start":{"line":171,"column":4},"end":{"line":176,"column":5}},"96":{"start":{"line":172,"column":6},"end":{"line":172,"column":21}},"97":{"start":{"line":173,"column":6},"end":{"line":173,"column":17}},"98":{"start":{"line":174,"column":6},"end":{"line":174,"column":73}},"99":{"start":{"line":175,"column":6},"end":{"line":175,"column":12}},"100":{"start":{"line":178,"column":4},"end":{"line":178,"column":21}},"101":{"start":{"line":179,"column":4},"end":{"line":179,"column":20}},"102":{"start":{"line":182,"column":4},"end":{"line":185,"column":5}},"103":{"start":{"line":183,"column":6},"end":{"line":183,"column":67}},"104":{"start":{"line":184,"column":6},"end":{"line":184,"column":12}},"105":{"start":{"line":187,"column":4},"end":{"line":187,"column":24}},"106":{"start":{"line":188,"column":22},"end":{"line":188,"column":39}},"107":{"start":{"line":190,"column":4},"end":{"line":245,"column":5}},"108":{"start":{"line":192,"column":23},"end":{"line":192,"column":46}},"109":{"start":{"line":194,"column":6},"end":{"line":196,"column":7}},"110":{"start":{"line":195,"column":8},"end":{"line":195,"column":65}},"111":{"start":{"line":198,"column":6},"end":{"line":198,"column":30}},"112":{"start":{"line":199,"column":22},"end":{"line":199,"column":73}},"113":{"start":{"line":200,"column":6},"end":{"line":200,"column":36}},"114":{"start":{"line":203,"column":6},"end":{"line":216,"column":7}},"115":{"start":{"line":204,"column":28},"end":{"line":204,"column":46}},"116":{"start":{"line":206,"column":8},"end":{"line":215,"column":9}},"117":{"start":{"line":207,"column":10},"end":{"line":207,"column":88}},"118":{"start":{"line":208,"column":10},"end":{"line":208,"column":50}},"119":{"start":{"line":209,"column":15},"end":{"line":215,"column":9}},"120":{"start":{"line":210,"column":10},"end":{"line":210,"column":115}},"121":{"start":{"line":211,"column":10},"end":{"line":211,"column":30}},"122":{"start":{"line":213,"column":10},"end":{"line":213,"column":28}},"123":{"start":{"line":214,"column":10},"end":{"line":214,"column":30}},"124":{"start":{"line":219,"column":6},"end":{"line":223,"column":8}},"125":{"start":{"line":226,"column":6},"end":{"line":237,"column":8}},"126":{"start":{"line":227,"column":21},"end":{"line":227,"column":52}},"127":{"start":{"line":228,"column":8},"end":{"line":233,"column":9}},"128":{"start":{"line":229,"column":24},"end":{"line":229,"column":61}},"129":{"start":{"line":230,"column":10},"end":{"line":230,"column":88}},"130":{"start":{"line":232,"column":10},"end":{"line":232,"column":65}},"131":{"start":{"line":234,"column":20},"end":{"line":234,"column":51}},"132":{"start":{"line":235,"column":8},"end":{"line":235,"column":78}},"133":{"start":{"line":236,"column":8},"end":{"line":236,"column":19}},"134":{"start":{"line":239,"column":6},"end":{"line":239,"column":52}},"135":{"start":{"line":240,"column":6},"end":{"line":240,"column":69}},"136":{"start":{"line":241,"column":6},"end":{"line":241,"column":21}},"137":{"start":{"line":242,"column":6},"end":{"line":242,"column":17}},"138":{"start":{"line":244,"column":6},"end":{"line":244,"column":27}},"139":{"start":{"line":248,"column":29},"end":{"line":248,"column":60}},"140":{"start":{"line":252,"column":4},"end":{"line":252,"column":23}},"141":{"start":{"line":252,"column":24},"end":{"line":252,"column":44}},"142":{"start":{"line":252,"column":45},"end":{"line":252,"column":65}},"143":{"start":{"line":253,"column":17},"end":{"line":253,"column":43}},"144":{"start":{"line":254,"column":4},"end":{"line":254,"column":20}},"145":{"start":{"line":256,"column":27},"end":{"line":256,"column":46}},"146":{"start":{"line":256,"column":47},"end":{"line":256,"column":67}},"147":{"start":{"line":256,"column":68},"end":{"line":256,"column":87}},"148":{"start":{"line":257,"column":28},"end":{"line":257,"column":47}},"149":{"start":{"line":257,"column":48},"end":{"line":257,"column":68}},"150":{"start":{"line":257,"column":69},"end":{"line":257,"column":89}},"151":{"start":{"line":261,"column":4},"end":{"line":261,"column":28}},"152":{"start":{"line":261,"column":22},"end":{"line":261,"column":28}},"153":{"start":{"line":263,"column":4},"end":{"line":266,"column":5}},"154":{"start":{"line":264,"column":6},"end":{"line":264,"column":67}},"155":{"start":{"line":265,"column":6},"end":{"line":265,"column":12}},"156":{"start":{"line":268,"column":4},"end":{"line":268,"column":100}},"157":{"start":{"line":269,"column":4},"end":{"line":269,"column":24}},"158":{"start":{"line":270,"column":22},"end":{"line":270,"column":39}},"159":{"start":{"line":272,"column":4},"end":{"line":308,"column":5}},"160":{"start":{"line":274,"column":23},"end":{"line":274,"column":46}},"161":{"start":{"line":276,"column":6},"end":{"line":278,"column":7}},"162":{"start":{"line":277,"column":8},"end":{"line":277,"column":60}},"163":{"start":{"line":280,"column":6},"end":{"line":280,"column":30}},"164":{"start":{"line":281,"column":22},"end":{"line":281,"column":73}},"165":{"start":{"line":282,"column":6},"end":{"line":282,"column":36}},"166":{"start":{"line":285,"column":6},"end":{"line":288,"column":8}},"167":{"start":{"line":291,"column":6},"end":{"line":302,"column":8}},"168":{"start":{"line":292,"column":21},"end":{"line":292,"column":52}},"169":{"start":{"line":293,"column":8},"end":{"line":298,"column":9}},"170":{"start":{"line":294,"column":24},"end":{"line":294,"column":61}},"171":{"start":{"line":295,"column":10},"end":{"line":295,"column":88}},"172":{"start":{"line":297,"column":10},"end":{"line":297,"column":65}},"173":{"start":{"line":299,"column":20},"end":{"line":299,"column":51}},"174":{"start":{"line":300,"column":8},"end":{"line":300,"column":78}},"175":{"start":{"line":301,"column":8},"end":{"line":301,"column":19}},"176":{"start":{"line":304,"column":6},"end":{"line":304,"column":45}},"177":{"start":{"line":305,"column":6},"end":{"line":305,"column":78}},"178":{"start":{"line":307,"column":6},"end":{"line":307,"column":27}},"179":{"start":{"line":316,"column":4},"end":{"line":319,"column":5}},"180":{"start":{"line":317,"column":6},"end":{"line":317,"column":37}},"181":{"start":{"line":318,"column":6},"end":{"line":318,"column":13}},"182":{"start":{"line":321,"column":4},"end":{"line":335,"column":5}},"183":{"start":{"line":323,"column":23},"end":{"line":323,"column":57}},"184":{"start":{"line":325,"column":6},"end":{"line":327,"column":7}},"185":{"start":{"line":326,"column":8},"end":{"line":326,"column":59}},"186":{"start":{"line":330,"column":6},"end":{"line":330,"column":65}},"187":{"start":{"line":331,"column":6},"end":{"line":331,"column":48}},"188":{"start":{"line":333,"column":6},"end":{"line":333,"column":54}},"189":{"start":{"line":334,"column":6},"end":{"line":334,"column":58}},"190":{"start":{"line":337,"column":26},"end":{"line":337,"column":58}},"191":{"start":{"line":337,"column":32},"end":{"line":337,"column":58}},"192":{"start":{"line":342,"column":4},"end":{"line":342,"column":15}},"193":{"start":{"line":346,"column":2},"end":{"line":600,"column":3}},"194":{"start":{"line":358,"column":99},"end":{"line":358,"column":119}},"195":{"start":{"line":362,"column":99},"end":{"line":362,"column":119}},"196":{"start":{"line":378,"column":28},"end":{"line":378,"column":42}},"197":{"start":{"line":379,"column":20},"end":{"line":386,"column":21}},"198":{"start":{"line":380,"column":22},"end":{"line":380,"column":47}},"199":{"start":{"line":381,"column":22},"end":{"line":381,"column":96}},"200":{"start":{"line":382,"column":27},"end":{"line":386,"column":21}},"201":{"start":{"line":383,"column":22},"end":{"line":383,"column":117}},"202":{"start":{"line":385,"column":22},"end":{"line":385,"column":40}},"203":{"start":{"line":388,"column":20},"end":{"line":388,"column":30}},"204":{"start":{"line":396,"column":22},"end":{"line":396,"column":34}},"205":{"start":{"line":397,"column":22},"end":{"line":397,"column":41}},"206":{"start":{"line":442,"column":69},"end":{"line":442,"column":85}},"207":{"start":{"line":442,"column":86},"end":{"line":442,"column":98}},"208":{"start":{"line":442,"column":99},"end":{"line":442,"column":115}},"209":{"start":{"line":539,"column":31},"end":{"line":539,"column":58}},"210":{"start":{"line":551,"column":18},"end":{"line":560,"column":26}},"211":{"start":{"line":557,"column":38},"end":{"line":557,"column":61}},"212":{"start":{"line":571,"column":35},"end":{"line":571,"column":69}},"213":{"start":{"line":581,"column":33},"end":{"line":581,"column":60}},"214":{"start":{"line":604,"column":2},"end":{"line":612,"column":3}}},"fnMap":{"0":{"name":"ContentDetectPage","decl":{"start":{"line":9,"column":24},"end":{"line":9,"column":41}},"loc":{"start":{"line":9,"column":44},"end":{"line":601,"column":1}},"line":9},"1":{"name":"(anonymous_1)","decl":{"start":{"line":37,"column":31},"end":{"line":37,"column":32}},"loc":{"start":{"line":37,"column":44},"end":{"line":69,"column":3}},"line":37},"2":{"name":"(anonymous_2)","decl":{"start":{"line":61,"column":17},"end":{"line":61,"column":18}},"loc":{"start":{"line":61,"column":23},"end":{"line":63,"column":7}},"line":61},"3":{"name":"(anonymous_3)","decl":{"start":{"line":72,"column":12},"end":{"line":72,"column":13}},"loc":{"start":{"line":72,"column":18},"end":{"line":79,"column":3}},"line":72},"4":{"name":"(anonymous_4)","decl":{"start":{"line":74,"column":40},"end":{"line":74,"column":41}},"loc":{"start":{"line":74,"column":53},"end":{"line":76,"column":5}},"line":74},"5":{"name":"(anonymous_5)","decl":{"start":{"line":75,"column":22},"end":{"line":75,"column":23}},"loc":{"start":{"line":75,"column":29},"end":{"line":75,"column":83}},"line":75},"6":{"name":"(anonymous_6)","decl":{"start":{"line":77,"column":16},"end":{"line":77,"column":17}},"loc":{"start":{"line":77,"column":24},"end":{"line":77,"column":38}},"line":77},"7":{"name":"(anonymous_7)","decl":{"start":{"line":78,"column":11},"end":{"line":78,"column":12}},"loc":{"start":{"line":78,"column":17},"end":{"line":78,"column":32}},"line":78},"8":{"name":"(anonymous_8)","decl":{"start":{"line":82,"column":12},"end":{"line":82,"column":13}},"loc":{"start":{"line":82,"column":18},"end":{"line":103,"column":3}},"line":82},"9":{"name":"getUtcDateKey","decl":{"start":{"line":83,"column":13},"end":{"line":83,"column":26}},"loc":{"start":{"line":83,"column":29},"end":{"line":83,"column":77}},"line":83},"10":{"name":"onPickFile","decl":{"start":{"line":112,"column":11},"end":{"line":112,"column":21}},"loc":{"start":{"line":112,"column":24},"end":{"line":112,"column":57}},"line":112},"11":{"name":"analyzeUploadedFile","decl":{"start":{"line":116,"column":17},"end":{"line":116,"column":36}},"loc":{"start":{"line":116,"column":43},"end":{"line":149,"column":3}},"line":116},"12":{"name":"handleFile","decl":{"start":{"line":151,"column":17},"end":{"line":151,"column":27}},"loc":{"start":{"line":151,"column":34},"end":{"line":246,"column":3}},"line":151},"13":{"name":"(anonymous_13)","decl":{"start":{"line":226,"column":25},"end":{"line":226,"column":26}},"loc":{"start":{"line":226,"column":35},"end":{"line":237,"column":7}},"line":226},"14":{"name":"onFileChosen","decl":{"start":{"line":248,"column":11},"end":{"line":248,"column":23}},"loc":{"start":{"line":248,"column":27},"end":{"line":248,"column":62}},"line":248},"15":{"name":"onDrop","decl":{"start":{"line":251,"column":11},"end":{"line":251,"column":17}},"loc":{"start":{"line":251,"column":21},"end":{"line":255,"column":3}},"line":251},"16":{"name":"onDragOver","decl":{"start":{"line":256,"column":11},"end":{"line":256,"column":21}},"loc":{"start":{"line":256,"column":25},"end":{"line":256,"column":89}},"line":256},"17":{"name":"onDragLeave","decl":{"start":{"line":257,"column":11},"end":{"line":257,"column":22}},"loc":{"start":{"line":257,"column":26},"end":{"line":257,"column":91}},"line":257},"18":{"name":"analyze","decl":{"start":{"line":260,"column":17},"end":{"line":260,"column":24}},"loc":{"start":{"line":260,"column":27},"end":{"line":309,"column":3}},"line":260},"19":{"name":"(anonymous_19)","decl":{"start":{"line":291,"column":25},"end":{"line":291,"column":26}},"loc":{"start":{"line":291,"column":35},"end":{"line":302,"column":7}},"line":291},"20":{"name":"exportResults","decl":{"start":{"line":315,"column":17},"end":{"line":315,"column":30}},"loc":{"start":{"line":315,"column":47},"end":{"line":336,"column":3}},"line":315},"21":{"name":"(anonymous_21)","decl":{"start":{"line":337,"column":26},"end":{"line":337,"column":27}},"loc":{"start":{"line":337,"column":32},"end":{"line":337,"column":58}},"line":337},"22":{"name":"incrementScan","decl":{"start":{"line":340,"column":11},"end":{"line":340,"column":24}},"loc":{"start":{"line":340,"column":27},"end":{"line":344,"column":3}},"line":340},"23":{"name":"(anonymous_23)","decl":{"start":{"line":358,"column":93},"end":{"line":358,"column":94}},"loc":{"start":{"line":358,"column":99},"end":{"line":358,"column":119}},"line":358},"24":{"name":"(anonymous_24)","decl":{"start":{"line":362,"column":93},"end":{"line":362,"column":94}},"loc":{"start":{"line":362,"column":99},"end":{"line":362,"column":119}},"line":362},"25":{"name":"(anonymous_25)","decl":{"start":{"line":377,"column":28},"end":{"line":377,"column":29}},"loc":{"start":{"line":377,"column":35},"end":{"line":389,"column":19}},"line":377},"26":{"name":"(anonymous_26)","decl":{"start":{"line":395,"column":29},"end":{"line":395,"column":30}},"loc":{"start":{"line":395,"column":35},"end":{"line":398,"column":21}},"line":395},"27":{"name":"(anonymous_27)","decl":{"start":{"line":442,"column":61},"end":{"line":442,"column":62}},"loc":{"start":{"line":442,"column":67},"end":{"line":442,"column":117}},"line":442},"28":{"name":"(anonymous_28)","decl":{"start":{"line":539,"column":25},"end":{"line":539,"column":26}},"loc":{"start":{"line":539,"column":31},"end":{"line":539,"column":58}},"line":539},"29":{"name":"(anonymous_29)","decl":{"start":{"line":550,"column":70},"end":{"line":550,"column":71}},"loc":{"start":{"line":551,"column":18},"end":{"line":560,"column":26}},"line":551},"30":{"name":"(anonymous_30)","decl":{"start":{"line":557,"column":32},"end":{"line":557,"column":33}},"loc":{"start":{"line":557,"column":38},"end":{"line":557,"column":61}},"line":557},"31":{"name":"(anonymous_31)","decl":{"start":{"line":571,"column":28},"end":{"line":571,"column":29}},"loc":{"start":{"line":571,"column":35},"end":{"line":571,"column":69}},"line":571},"32":{"name":"(anonymous_32)","decl":{"start":{"line":581,"column":27},"end":{"line":581,"column":28}},"loc":{"start":{"line":581,"column":33},"end":{"line":581,"column":60}},"line":581},"33":{"name":"Metric","decl":{"start":{"line":603,"column":9},"end":{"line":603,"column":15}},"loc":{"start":{"line":603,"column":34},"end":{"line":613,"column":1}},"line":603}},"branchMap":{"0":{"loc":{"start":{"line":39,"column":4},"end":{"line":39,"column":46}},"type":"if","locations":[{"start":{"line":39,"column":4},"end":{"line":39,"column":46}},{"start":{},"end":{}}],"line":39},"1":{"loc":{"start":{"line":39,"column":8},"end":{"line":39,"column":37}},"type":"binary-expr","locations":[{"start":{"line":39,"column":8},"end":{"line":39,"column":21}},{"start":{"line":39,"column":25},"end":{"line":39,"column":37}}],"line":39},"2":{"loc":{"start":{"line":48,"column":18},"end":{"line":48,"column":61}},"type":"cond-expr","locations":[{"start":{"line":48,"column":27},"end":{"line":48,"column":49}},{"start":{"line":48,"column":52},"end":{"line":48,"column":61}}],"line":48},"3":{"loc":{"start":{"line":51,"column":6},"end":{"line":53,"column":7}},"type":"if","locations":[{"start":{"line":51,"column":6},"end":{"line":53,"column":7}},{"start":{},"end":{}}],"line":51},"4":{"loc":{"start":{"line":75,"column":31},"end":{"line":75,"column":81}},"type":"if","locations":[{"start":{"line":75,"column":31},"end":{"line":75,"column":81}},{"start":{},"end":{}}],"line":75},"5":{"loc":{"start":{"line":87,"column":6},"end":{"line":98,"column":7}},"type":"if","locations":[{"start":{"line":87,"column":6},"end":{"line":98,"column":7}},{"start":{"line":95,"column":13},"end":{"line":98,"column":7}}],"line":87},"6":{"loc":{"start":{"line":89,"column":8},"end":{"line":94,"column":9}},"type":"if","locations":[{"start":{"line":89,"column":8},"end":{"line":94,"column":9}},{"start":{"line":91,"column":15},"end":{"line":94,"column":9}}],"line":89},"7":{"loc":{"start":{"line":89,"column":12},"end":{"line":89,"column":69}},"type":"binary-expr","locations":[{"start":{"line":89,"column":12},"end":{"line":89,"column":16}},{"start":{"line":89,"column":20},"end":{"line":89,"column":39}},{"start":{"line":89,"column":43},"end":{"line":89,"column":69}}],"line":89},"8":{"loc":{"start":{"line":107,"column":23},"end":{"line":108,"column":78}},"type":"binary-expr","locations":[{"start":{"line":107,"column":23},"end":{"line":107,"column":54}},{"start":{"line":108,"column":5},"end":{"line":108,"column":25}},{"start":{"line":108,"column":30},"end":{"line":108,"column":50}},{"start":{"line":108,"column":54},"end":{"line":108,"column":62}},{"start":{"line":108,"column":66},"end":{"line":108,"column":76}}],"line":107},"9":{"loc":{"start":{"line":117,"column":4},"end":{"line":117,"column":27}},"type":"if","locations":[{"start":{"line":117,"column":4},"end":{"line":117,"column":27}},{"start":{},"end":{}}],"line":117},"10":{"loc":{"start":{"line":127,"column":6},"end":{"line":129,"column":7}},"type":"if","locations":[{"start":{"line":127,"column":6},"end":{"line":129,"column":7}},{"start":{},"end":{}}],"line":127},"11":{"loc":{"start":{"line":128,"column":24},"end":{"line":128,"column":64}},"type":"binary-expr","locations":[{"start":{"line":128,"column":24},"end":{"line":128,"column":38}},{"start":{"line":128,"column":42},"end":{"line":128,"column":64}}],"line":128},"12":{"loc":{"start":{"line":152,"column":4},"end":{"line":152,"column":21}},"type":"if","locations":[{"start":{"line":152,"column":4},"end":{"line":152,"column":21}},{"start":{},"end":{}}],"line":152},"13":{"loc":{"start":{"line":154,"column":17},"end":{"line":154,"column":32}},"type":"binary-expr","locations":[{"start":{"line":154,"column":17},"end":{"line":154,"column":26}},{"start":{"line":154,"column":30},"end":{"line":154,"column":32}}],"line":154},"14":{"loc":{"start":{"line":158,"column":4},"end":{"line":163,"column":5}},"type":"if","locations":[{"start":{"line":158,"column":4},"end":{"line":163,"column":5}},{"start":{},"end":{}}],"line":158},"15":{"loc":{"start":{"line":171,"column":4},"end":{"line":176,"column":5}},"type":"if","locations":[{"start":{"line":171,"column":4},"end":{"line":176,"column":5}},{"start":{},"end":{}}],"line":171},"16":{"loc":{"start":{"line":171,"column":10},"end":{"line":171,"column":34}},"type":"binary-expr","locations":[{"start":{"line":171,"column":10},"end":{"line":171,"column":15}},{"start":{"line":171,"column":19},"end":{"line":171,"column":25}},{"start":{"line":171,"column":29},"end":{"line":171,"column":34}}],"line":171},"17":{"loc":{"start":{"line":182,"column":4},"end":{"line":185,"column":5}},"type":"if","locations":[{"start":{"line":182,"column":4},"end":{"line":185,"column":5}},{"start":{},"end":{}}],"line":182},"18":{"loc":{"start":{"line":194,"column":6},"end":{"line":196,"column":7}},"type":"if","locations":[{"start":{"line":194,"column":6},"end":{"line":196,"column":7}},{"start":{},"end":{}}],"line":194},"19":{"loc":{"start":{"line":195,"column":24},"end":{"line":195,"column":64}},"type":"binary-expr","locations":[{"start":{"line":195,"column":24},"end":{"line":195,"column":38}},{"start":{"line":195,"column":42},"end":{"line":195,"column":64}}],"line":195},"20":{"loc":{"start":{"line":203,"column":6},"end":{"line":216,"column":7}},"type":"if","locations":[{"start":{"line":203,"column":6},"end":{"line":216,"column":7}},{"start":{},"end":{}}],"line":203},"21":{"loc":{"start":{"line":206,"column":8},"end":{"line":215,"column":9}},"type":"if","locations":[{"start":{"line":206,"column":8},"end":{"line":215,"column":9}},{"start":{"line":209,"column":15},"end":{"line":215,"column":9}}],"line":206},"22":{"loc":{"start":{"line":209,"column":15},"end":{"line":215,"column":9}},"type":"if","locations":[{"start":{"line":209,"column":15},"end":{"line":215,"column":9}},{"start":{"line":212,"column":15},"end":{"line":215,"column":9}}],"line":209},"23":{"loc":{"start":{"line":261,"column":4},"end":{"line":261,"column":28}},"type":"if","locations":[{"start":{"line":261,"column":4},"end":{"line":261,"column":28}},{"start":{},"end":{}}],"line":261},"24":{"loc":{"start":{"line":263,"column":4},"end":{"line":266,"column":5}},"type":"if","locations":[{"start":{"line":263,"column":4},"end":{"line":266,"column":5}},{"start":{},"end":{}}],"line":263},"25":{"loc":{"start":{"line":276,"column":6},"end":{"line":278,"column":7}},"type":"if","locations":[{"start":{"line":276,"column":6},"end":{"line":278,"column":7}},{"start":{},"end":{}}],"line":276},"26":{"loc":{"start":{"line":277,"column":24},"end":{"line":277,"column":59}},"type":"binary-expr","locations":[{"start":{"line":277,"column":24},"end":{"line":277,"column":38}},{"start":{"line":277,"column":42},"end":{"line":277,"column":59}}],"line":277},"27":{"loc":{"start":{"line":315,"column":31},"end":{"line":315,"column":45}},"type":"default-arg","locations":[{"start":{"line":315,"column":40},"end":{"line":315,"column":45}}],"line":315},"28":{"loc":{"start":{"line":316,"column":4},"end":{"line":319,"column":5}},"type":"if","locations":[{"start":{"line":316,"column":4},"end":{"line":319,"column":5}},{"start":{},"end":{}}],"line":316},"29":{"loc":{"start":{"line":325,"column":6},"end":{"line":327,"column":7}},"type":"if","locations":[{"start":{"line":325,"column":6},"end":{"line":327,"column":7}},{"start":{},"end":{}}],"line":325},"30":{"loc":{"start":{"line":326,"column":24},"end":{"line":326,"column":57}},"type":"binary-expr","locations":[{"start":{"line":326,"column":24},"end":{"line":326,"column":38}},{"start":{"line":326,"column":42},"end":{"line":326,"column":57}}],"line":326},"31":{"loc":{"start":{"line":358,"column":44},"end":{"line":358,"column":80}},"type":"cond-expr","locations":[{"start":{"line":358,"column":67},"end":{"line":358,"column":75}},{"start":{"line":358,"column":78},"end":{"line":358,"column":80}}],"line":358},"32":{"loc":{"start":{"line":362,"column":44},"end":{"line":362,"column":80}},"type":"cond-expr","locations":[{"start":{"line":362,"column":67},"end":{"line":362,"column":75}},{"start":{"line":362,"column":78},"end":{"line":362,"column":80}}],"line":362},"33":{"loc":{"start":{"line":369,"column":43},"end":{"line":369,"column":79}},"type":"cond-expr","locations":[{"start":{"line":369,"column":66},"end":{"line":369,"column":74}},{"start":{"line":369,"column":77},"end":{"line":369,"column":79}}],"line":369},"34":{"loc":{"start":{"line":379,"column":20},"end":{"line":386,"column":21}},"type":"if","locations":[{"start":{"line":379,"column":20},"end":{"line":386,"column":21}},{"start":{"line":382,"column":27},"end":{"line":386,"column":21}}],"line":379},"35":{"loc":{"start":{"line":382,"column":27},"end":{"line":386,"column":21}},"type":"if","locations":[{"start":{"line":382,"column":27},"end":{"line":386,"column":21}},{"start":{"line":384,"column":27},"end":{"line":386,"column":21}}],"line":382},"36":{"loc":{"start":{"line":391,"column":17},"end":{"line":404,"column":17}},"type":"binary-expr","locations":[{"start":{"line":391,"column":17},"end":{"line":391,"column":21}},{"start":{"line":392,"column":18},"end":{"line":403,"column":27}}],"line":391},"37":{"loc":{"start":{"line":407,"column":49},"end":{"line":407,"column":90}},"type":"cond-expr","locations":[{"start":{"line":407,"column":76},"end":{"line":407,"column":85}},{"start":{"line":407,"column":88},"end":{"line":407,"column":90}}],"line":407},"38":{"loc":{"start":{"line":410,"column":46},"end":{"line":410,"column":82}},"type":"cond-expr","locations":[{"start":{"line":410,"column":73},"end":{"line":410,"column":77}},{"start":{"line":410,"column":80},"end":{"line":410,"column":82}}],"line":410},"39":{"loc":{"start":{"line":413,"column":17},"end":{"line":413,"column":83}},"type":"binary-expr","locations":[{"start":{"line":413,"column":17},"end":{"line":413,"column":28}},{"start":{"line":413,"column":32},"end":{"line":413,"column":83}}],"line":413},"40":{"loc":{"start":{"line":418,"column":43},"end":{"line":418,"column":79}},"type":"cond-expr","locations":[{"start":{"line":418,"column":66},"end":{"line":418,"column":74}},{"start":{"line":418,"column":77},"end":{"line":418,"column":79}}],"line":418},"41":{"loc":{"start":{"line":420,"column":42},"end":{"line":420,"column":66}},"type":"cond-expr","locations":[{"start":{"line":420,"column":55},"end":{"line":420,"column":61}},{"start":{"line":420,"column":64},"end":{"line":420,"column":66}}],"line":420},"42":{"loc":{"start":{"line":433,"column":17},"end":{"line":435,"column":17}},"type":"binary-expr","locations":[{"start":{"line":433,"column":17},"end":{"line":433,"column":26}},{"start":{"line":434,"column":18},"end":{"line":434,"column":95}}],"line":433},"43":{"loc":{"start":{"line":437,"column":15},"end":{"line":445,"column":15}},"type":"binary-expr","locations":[{"start":{"line":437,"column":15},"end":{"line":437,"column":23}},{"start":{"line":438,"column":16},"end":{"line":444,"column":22}}],"line":437},"44":{"loc":{"start":{"line":451,"column":24},"end":{"line":451,"column":92}},"type":"binary-expr","locations":[{"start":{"line":451,"column":24},"end":{"line":451,"column":47}},{"start":{"line":451,"column":51},"end":{"line":451,"column":62}},{"start":{"line":451,"column":66},"end":{"line":451,"column":92}}],"line":451},"45":{"loc":{"start":{"line":454,"column":21},"end":{"line":454,"column":59}},"type":"cond-expr","locations":[{"start":{"line":454,"column":35},"end":{"line":454,"column":47}},{"start":{"line":454,"column":50},"end":{"line":454,"column":59}}],"line":454},"46":{"loc":{"start":{"line":455,"column":15},"end":{"line":455,"column":66}},"type":"binary-expr","locations":[{"start":{"line":455,"column":15},"end":{"line":455,"column":26}},{"start":{"line":455,"column":30},"end":{"line":455,"column":66}}],"line":455},"47":{"loc":{"start":{"line":457,"column":13},"end":{"line":459,"column":13}},"type":"binary-expr","locations":[{"start":{"line":457,"column":13},"end":{"line":457,"column":26}},{"start":{"line":458,"column":14},"end":{"line":458,"column":148}}],"line":457},"48":{"loc":{"start":{"line":458,"column":33},"end":{"line":458,"column":90}},"type":"cond-expr","locations":[{"start":{"line":458,"column":62},"end":{"line":458,"column":75}},{"start":{"line":458,"column":78},"end":{"line":458,"column":90}}],"line":458},"49":{"loc":{"start":{"line":464,"column":13},"end":{"line":516,"column":13}},"type":"cond-expr","locations":[{"start":{"line":465,"column":14},"end":{"line":470,"column":20}},{"start":{"line":472,"column":14},"end":{"line":515,"column":17}}],"line":464},"50":{"loc":{"start":{"line":484,"column":58},"end":{"line":484,"column":132}},"type":"cond-expr","locations":[{"start":{"line":484,"column":86},"end":{"line":484,"column":107}},{"start":{"line":484,"column":110},"end":{"line":484,"column":132}}],"line":484},"51":{"loc":{"start":{"line":522,"column":7},"end":{"line":529,"column":7}},"type":"binary-expr","locations":[{"start":{"line":522,"column":7},"end":{"line":522,"column":25}},{"start":{"line":523,"column":8},"end":{"line":528,"column":14}}],"line":522},"52":{"loc":{"start":{"line":532,"column":7},"end":{"line":598,"column":7}},"type":"binary-expr","locations":[{"start":{"line":532,"column":7},"end":{"line":532,"column":24}},{"start":{"line":533,"column":8},"end":{"line":597,"column":14}}],"line":532},"53":{"loc":{"start":{"line":590,"column":28},"end":{"line":590,"column":57}},"type":"binary-expr","locations":[{"start":{"line":590,"column":28},"end":{"line":590,"column":41}},{"start":{"line":590,"column":45},"end":{"line":590,"column":57}}],"line":590},"54":{"loc":{"start":{"line":592,"column":19},"end":{"line":592,"column":69}},"type":"cond-expr","locations":[{"start":{"line":592,"column":34},"end":{"line":592,"column":49}},{"start":{"line":592,"column":52},"end":{"line":592,"column":69}}],"line":592}},"s":{"0":17,"1":17,"2":17,"3":17,"4":17,"5":17,"6":17,"7":17,"8":17,"9":17,"10":17,"11":17,"12":17,"13":17,"14":17,"15":17,"16":17,"17":17,"18":17,"19":17,"20":17,"21":17,"22":0,"23":0,"24":0,"25":0,"26":0,"27":0,"28":0,"29":0,"30":0,"31":0,"32":0,"33":0,"34":0,"35":0,"36":0,"37":0,"38":17,"39":5,"40":5,"41":0,"42":0,"43":0,"44":5,"45":5,"46":5,"47":5,"48":17,"49":5,"50":5,"51":5,"52":5,"53":5,"54":0,"55":0,"56":0,"57":0,"58":0,"59":5,"60":5,"61":0,"62":17,"63":17,"64":17,"65":0,"66":0,"67":0,"68":0,"69":0,"70":0,"71":0,"72":0,"73":0,"74":0,"75":0,"76":0,"77":0,"78":0,"79":0,"80":0,"81":0,"82":0,"83":0,"84":0,"85":0,"86":0,"87":0,"88":0,"89":0,"90":0,"91":0,"92":0,"93":0,"94":0,"95":0,"96":0,"97":0,"98":0,"99":0,"100":0,"101":0,"102":0,"103":0,"104":0,"105":0,"106":0,"107":0,"108":0,"109":0,"110":0,"111":0,"112":0,"113":0,"114":0,"115":0,"116":0,"117":0,"118":0,"119":0,"120":0,"121":0,"122":0,"123":0,"124":0,"125":0,"126":0,"127":0,"128":0,"129":0,"130":0,"131":0,"132":0,"133":0,"134":0,"135":0,"136":0,"137":0,"138":0,"139":0,"140":0,"141":0,"142":0,"143":0,"144":0,"145":0,"146":0,"147":0,"148":0,"149":0,"150":0,"151":1,"152":0,"153":1,"154":0,"155":0,"156":1,"157":1,"158":1,"159":1,"160":1,"161":1,"162":0,"163":1,"164":1,"165":1,"166":1,"167":1,"168":1,"169":1,"170":1,"171":1,"172":0,"173":1,"174":1,"175":1,"176":0,"177":0,"178":1,"179":1,"180":0,"181":0,"182":1,"183":1,"184":1,"185":0,"186":1,"187":1,"188":0,"189":0,"190":17,"191":0,"192":0,"193":17,"194":1,"195":1,"196":3,"197":3,"198":0,"199":0,"200":3,"201":0,"202":3,"203":3,"204":0,"205":0,"206":0,"207":0,"208":0,"209":0,"210":0,"211":0,"212":0,"213":0,"214":3},"f":{"0":17,"1":0,"2":0,"3":5,"4":0,"5":0,"6":5,"7":5,"8":5,"9":5,"10":0,"11":0,"12":0,"13":0,"14":0,"15":0,"16":0,"17":0,"18":1,"19":1,"20":1,"21":0,"22":0,"23":1,"24":1,"25":3,"26":0,"27":0,"28":0,"29":0,"30":0,"31":0,"32":0,"33":3},"b":{"0":[0,0],"1":[0,0],"2":[0,0],"3":[0,0],"4":[0,0],"5":[0,5],"6":[0,0],"7":[0,0,0],"8":[17,7,0,0,0],"9":[0,0],"10":[0,0],"11":[0,0],"12":[0,0],"13":[0,0],"14":[0,0],"15":[0,0],"16":[0,0,0],"17":[0,0],"18":[0,0],"19":[0,0],"20":[0,0],"21":[0,0],"22":[0,0],"23":[0,1],"24":[0,1],"25":[0,1],"26":[0,0],"27":[0],"28":[0,1],"29":[0,1],"30":[0,0],"31":[15,2],"32":[2,15],"33":[15,2],"34":[0,3],"35":[0,3],"36":[17,9],"37":[7,10],"38":[7,10],"39":[17,0],"40":[2,15],"41":[0,17],"42":[17,0],"43":[17,0],"44":[17,7,6],"45":[1,16],"46":[17,1],"47":[17,3],"48":[0,3],"49":[15,2],"50":[2,0],"51":[17,0],"52":[17,0],"53":[0,0],"54":[0,0]},"_coverageSchema":"1a1c01bbd47fc00a2c39e90264f33305004495a9","hash":"f4e6515158374f6d0878b9d1990256c7b889b795"}}}
